[ 2015-10-05T00:17:05+08:00 ] 127.0.0.1 /howmuch/
INFO: [ app_init ] --START--
INFO: Run Behavior\BuildLiteBehavior [ RunTime:0.000014s ]
INFO: [ app_init ] --END-- [ RunTime:0.000072s ]
INFO: [ app_begin ] --START--
INFO: Run Behavior\ReadHtmlCacheBehavior [ RunTime:0.000815s ]
INFO: [ app_begin ] --END-- [ RunTime:0.000865s ]
NOTIC: [8192] mysql_connect(): The mysql extension is deprecated and will be removed in the future: use mysqli or PDO instead /var/www/html/howmuch/ThinkPHP/Library/Think/Session/Driver/Db.class.php 第 95 行.
NOTIC: [2] mysql_connect(): Access denied for user 'howmuch'@'localhost' (using password: YES) /var/www/html/howmuch/ThinkPHP/Library/Think/Session/Driver/Db.class.php 第 95 行.
NOTIC: [2] mysql_select_db() expects parameter 2 to be resource, boolean given /var/www/html/howmuch/ThinkPHP/Library/Think/Session/Driver/Db.class.php 第 98 行.
NOTIC: [8] Undefined offset: 1 /var/www/html/howmuch/ThinkPHP/Library/Think/Session/Driver/Db.class.php 第 124 行.
NOTIC: [2] mysql_query() expects parameter 2 to be resource, null given /var/www/html/howmuch/ThinkPHP/Library/Think/Session/Driver/Db.class.php 第 125 行.
ERR: SQLSTATE[28000] [1045] Access denied for user 'howmuch'@'localhost' (using password: YES)

[ 2015-10-05T00:17:05+08:00 ] 127.0.0.1 /howmuch/
INFO: [ app_init ] --START--
INFO: Run Behavior\BuildLiteBehavior [ RunTime:0.000010s ]
INFO: [ app_init ] --END-- [ RunTime:0.000054s ]
INFO: [ app_begin ] --START--
INFO: Run Behavior\ReadHtmlCacheBehavior [ RunTime:0.000035s ]
INFO: [ app_begin ] --END-- [ RunTime:0.000061s ]
NOTIC: [8192] mysql_connect(): The mysql extension is deprecated and will be removed in the future: use mysqli or PDO instead /var/www/html/howmuch/ThinkPHP/Library/Think/Session/Driver/Db.class.php 第 95 行.
NOTIC: [2] mysql_connect(): Access denied for user 'howmuch'@'localhost' (using password: YES) /var/www/html/howmuch/ThinkPHP/Library/Think/Session/Driver/Db.class.php 第 95 行.
NOTIC: [2] mysql_select_db() expects parameter 2 to be resource, boolean given /var/www/html/howmuch/ThinkPHP/Library/Think/Session/Driver/Db.class.php 第 98 行.
NOTIC: [8] Undefined offset: 1 /var/www/html/howmuch/ThinkPHP/Library/Think/Session/Driver/Db.class.php 第 124 行.
NOTIC: [2] mysql_query() expects parameter 2 to be resource, null given /var/www/html/howmuch/ThinkPHP/Library/Think/Session/Driver/Db.class.php 第 125 行.
ERR: SQLSTATE[28000] [1045] Access denied for user 'howmuch'@'localhost' (using password: YES)

[ 2015-10-05T00:17:05+08:00 ] 127.0.0.1 /howmuch/
INFO: [ app_init ] --START--
INFO: Run Behavior\BuildLiteBehavior [ RunTime:0.000010s ]
INFO: [ app_init ] --END-- [ RunTime:0.000052s ]
INFO: [ app_begin ] --START--
INFO: Run Behavior\ReadHtmlCacheBehavior [ RunTime:0.000034s ]
INFO: [ app_begin ] --END-- [ RunTime:0.000061s ]
NOTIC: [8192] mysql_connect(): The mysql extension is deprecated and will be removed in the future: use mysqli or PDO instead /var/www/html/howmuch/ThinkPHP/Library/Think/Session/Driver/Db.class.php 第 95 行.
NOTIC: [2] mysql_connect(): Access denied for user 'howmuch'@'localhost' (using password: YES) /var/www/html/howmuch/ThinkPHP/Library/Think/Session/Driver/Db.class.php 第 95 行.
NOTIC: [2] mysql_select_db() expects parameter 2 to be resource, boolean given /var/www/html/howmuch/ThinkPHP/Library/Think/Session/Driver/Db.class.php 第 98 行.
NOTIC: [8] Undefined offset: 1 /var/www/html/howmuch/ThinkPHP/Library/Think/Session/Driver/Db.class.php 第 124 行.
NOTIC: [2] mysql_query() expects parameter 2 to be resource, null given /var/www/html/howmuch/ThinkPHP/Library/Think/Session/Driver/Db.class.php 第 125 行.
ERR: SQLSTATE[28000] [1045] Access denied for user 'howmuch'@'localhost' (using password: YES)

[ 2015-10-05T00:17:05+08:00 ] 127.0.0.1 /howmuch/
INFO: [ app_init ] --START--
INFO: Run Behavior\BuildLiteBehavior [ RunTime:0.000010s ]
INFO: [ app_init ] --END-- [ RunTime:0.000053s ]
INFO: [ app_begin ] --START--
INFO: Run Behavior\ReadHtmlCacheBehavior [ RunTime:0.000035s ]
INFO: [ app_begin ] --END-- [ RunTime:0.000061s ]
NOTIC: [8192] mysql_connect(): The mysql extension is deprecated and will be removed in the future: use mysqli or PDO instead /var/www/html/howmuch/ThinkPHP/Library/Think/Session/Driver/Db.class.php 第 95 行.
NOTIC: [2] mysql_connect(): Access denied for user 'howmuch'@'localhost' (using password: YES) /var/www/html/howmuch/ThinkPHP/Library/Think/Session/Driver/Db.class.php 第 95 行.
NOTIC: [2] mysql_select_db() expects parameter 2 to be resource, boolean given /var/www/html/howmuch/ThinkPHP/Library/Think/Session/Driver/Db.class.php 第 98 行.
NOTIC: [8] Undefined offset: 1 /var/www/html/howmuch/ThinkPHP/Library/Think/Session/Driver/Db.class.php 第 124 行.
NOTIC: [2] mysql_query() expects parameter 2 to be resource, null given /var/www/html/howmuch/ThinkPHP/Library/Think/Session/Driver/Db.class.php 第 125 行.
ERR: SQLSTATE[28000] [1045] Access denied for user 'howmuch'@'localhost' (using password: YES)

[ 2015-10-05T00:17:05+08:00 ] 127.0.0.1 /howmuch/
INFO: [ app_init ] --START--
INFO: Run Behavior\BuildLiteBehavior [ RunTime:0.000012s ]
INFO: [ app_init ] --END-- [ RunTime:0.000061s ]
INFO: [ app_begin ] --START--
INFO: Run Behavior\ReadHtmlCacheBehavior [ RunTime:0.000039s ]
INFO: [ app_begin ] --END-- [ RunTime:0.000067s ]
NOTIC: [8192] mysql_connect(): The mysql extension is deprecated and will be removed in the future: use mysqli or PDO instead /var/www/html/howmuch/ThinkPHP/Library/Think/Session/Driver/Db.class.php 第 95 行.
NOTIC: [2] mysql_connect(): Access denied for user 'howmuch'@'localhost' (using password: YES) /var/www/html/howmuch/ThinkPHP/Library/Think/Session/Driver/Db.class.php 第 95 行.
NOTIC: [2] mysql_select_db() expects parameter 2 to be resource, boolean given /var/www/html/howmuch/ThinkPHP/Library/Think/Session/Driver/Db.class.php 第 98 行.
NOTIC: [8] Undefined offset: 1 /var/www/html/howmuch/ThinkPHP/Library/Think/Session/Driver/Db.class.php 第 124 行.
NOTIC: [2] mysql_query() expects parameter 2 to be resource, null given /var/www/html/howmuch/ThinkPHP/Library/Think/Session/Driver/Db.class.php 第 125 行.
ERR: SQLSTATE[28000] [1045] Access denied for user 'howmuch'@'localhost' (using password: YES)

[ 2015-10-05T00:17:05+08:00 ] 127.0.0.1 /howmuch/
INFO: [ app_init ] --START--
INFO: Run Behavior\BuildLiteBehavior [ RunTime:0.000011s ]
INFO: [ app_init ] --END-- [ RunTime:0.000057s ]
INFO: [ app_begin ] --START--
INFO: Run Behavior\ReadHtmlCacheBehavior [ RunTime:0.000036s ]
INFO: [ app_begin ] --END-- [ RunTime:0.000063s ]
NOTIC: [8192] mysql_connect(): The mysql extension is deprecated and will be removed in the future: use mysqli or PDO instead /var/www/html/howmuch/ThinkPHP/Library/Think/Session/Driver/Db.class.php 第 95 行.
NOTIC: [2] mysql_connect(): Access denied for user 'howmuch'@'localhost' (using password: YES) /var/www/html/howmuch/ThinkPHP/Library/Think/Session/Driver/Db.class.php 第 95 行.
NOTIC: [2] mysql_select_db() expects parameter 2 to be resource, boolean given /var/www/html/howmuch/ThinkPHP/Library/Think/Session/Driver/Db.class.php 第 98 行.
NOTIC: [8] Undefined offset: 1 /var/www/html/howmuch/ThinkPHP/Library/Think/Session/Driver/Db.class.php 第 124 行.
NOTIC: [2] mysql_query() expects parameter 2 to be resource, null given /var/www/html/howmuch/ThinkPHP/Library/Think/Session/Driver/Db.class.php 第 125 行.
ERR: SQLSTATE[28000] [1045] Access denied for user 'howmuch'@'localhost' (using password: YES)

[ 2015-10-05T00:17:05+08:00 ] 127.0.0.1 /howmuch/
INFO: [ app_init ] --START--
INFO: Run Behavior\BuildLiteBehavior [ RunTime:0.000018s ]
INFO: [ app_init ] --END-- [ RunTime:0.000095s ]
INFO: [ app_begin ] --START--
INFO: Run Behavior\ReadHtmlCacheBehavior [ RunTime:0.000081s ]
INFO: [ app_begin ] --END-- [ RunTime:0.000145s ]
NOTIC: [8192] mysql_connect(): The mysql extension is deprecated and will be removed in the future: use mysqli or PDO instead /var/www/html/howmuch/ThinkPHP/Library/Think/Session/Driver/Db.class.php 第 95 行.
NOTIC: [2] mysql_connect(): Access denied for user 'howmuch'@'localhost' (using password: YES) /var/www/html/howmuch/ThinkPHP/Library/Think/Session/Driver/Db.class.php 第 95 行.
NOTIC: [2] mysql_select_db() expects parameter 2 to be resource, boolean given /var/www/html/howmuch/ThinkPHP/Library/Think/Session/Driver/Db.class.php 第 98 行.
NOTIC: [8] Undefined offset: 1 /var/www/html/howmuch/ThinkPHP/Library/Think/Session/Driver/Db.class.php 第 124 行.
NOTIC: [2] mysql_query() expects parameter 2 to be resource, null given /var/www/html/howmuch/ThinkPHP/Library/Think/Session/Driver/Db.class.php 第 125 行.
ERR: SQLSTATE[28000] [1045] Access denied for user 'howmuch'@'localhost' (using password: YES)

[ 2015-10-05T00:17:06+08:00 ] 127.0.0.1 /howmuch/
INFO: [ app_init ] --START--
INFO: Run Behavior\BuildLiteBehavior [ RunTime:0.000017s ]
INFO: [ app_init ] --END-- [ RunTime:0.000096s ]
INFO: [ app_begin ] --START--
INFO: Run Behavior\ReadHtmlCacheBehavior [ RunTime:0.000091s ]
INFO: [ app_begin ] --END-- [ RunTime:0.000139s ]
NOTIC: [8192] mysql_connect(): The mysql extension is deprecated and will be removed in the future: use mysqli or PDO instead /var/www/html/howmuch/ThinkPHP/Library/Think/Session/Driver/Db.class.php 第 95 行.
NOTIC: [2] mysql_connect(): Access denied for user 'howmuch'@'localhost' (using password: YES) /var/www/html/howmuch/ThinkPHP/Library/Think/Session/Driver/Db.class.php 第 95 行.
NOTIC: [2] mysql_select_db() expects parameter 2 to be resource, boolean given /var/www/html/howmuch/ThinkPHP/Library/Think/Session/Driver/Db.class.php 第 98 行.
NOTIC: [8] Undefined offset: 1 /var/www/html/howmuch/ThinkPHP/Library/Think/Session/Driver/Db.class.php 第 124 行.
NOTIC: [2] mysql_query() expects parameter 2 to be resource, null given /var/www/html/howmuch/ThinkPHP/Library/Think/Session/Driver/Db.class.php 第 125 行.
ERR: SQLSTATE[28000] [1045] Access denied for user 'howmuch'@'localhost' (using password: YES)

[ 2015-10-05T00:17:07+08:00 ] 127.0.0.1 /howmuch/
INFO: [ app_init ] --START--
INFO: Run Behavior\BuildLiteBehavior [ RunTime:0.000035s ]
INFO: [ app_init ] --END-- [ RunTime:0.000167s ]
INFO: [ app_begin ] --START--
INFO: Run Behavior\ReadHtmlCacheBehavior [ RunTime:0.000103s ]
INFO: [ app_begin ] --END-- [ RunTime:0.000166s ]
NOTIC: [8192] mysql_connect(): The mysql extension is deprecated and will be removed in the future: use mysqli or PDO instead /var/www/html/howmuch/ThinkPHP/Library/Think/Session/Driver/Db.class.php 第 95 行.
NOTIC: [2] mysql_connect(): Access denied for user 'howmuch'@'localhost' (using password: YES) /var/www/html/howmuch/ThinkPHP/Library/Think/Session/Driver/Db.class.php 第 95 行.
NOTIC: [2] mysql_select_db() expects parameter 2 to be resource, boolean given /var/www/html/howmuch/ThinkPHP/Library/Think/Session/Driver/Db.class.php 第 98 行.
NOTIC: [8] Undefined offset: 1 /var/www/html/howmuch/ThinkPHP/Library/Think/Session/Driver/Db.class.php 第 124 行.
NOTIC: [2] mysql_query() expects parameter 2 to be resource, null given /var/www/html/howmuch/ThinkPHP/Library/Think/Session/Driver/Db.class.php 第 125 行.
ERR: SQLSTATE[28000] [1045] Access denied for user 'howmuch'@'localhost' (using password: YES)

[ 2015-10-05T00:17:12+08:00 ] 127.0.0.1 /howmuch/
INFO: [ app_init ] --START--
INFO: Run Behavior\BuildLiteBehavior [ RunTime:0.000047s ]
INFO: [ app_init ] --END-- [ RunTime:0.000244s ]
INFO: [ app_begin ] --START--
INFO: Run Behavior\ReadHtmlCacheBehavior [ RunTime:0.000193s ]
INFO: [ app_begin ] --END-- [ RunTime:0.000339s ]
NOTIC: [8192] mysql_connect(): The mysql extension is deprecated and will be removed in the future: use mysqli or PDO instead /var/www/html/howmuch/ThinkPHP/Library/Think/Session/Driver/Db.class.php 第 95 行.
NOTIC: [2] mysql_connect(): Access denied for user 'howmuch'@'localhost' (using password: YES) /var/www/html/howmuch/ThinkPHP/Library/Think/Session/Driver/Db.class.php 第 95 行.
NOTIC: [2] mysql_select_db() expects parameter 2 to be resource, boolean given /var/www/html/howmuch/ThinkPHP/Library/Think/Session/Driver/Db.class.php 第 98 行.
NOTIC: [8] Undefined offset: 1 /var/www/html/howmuch/ThinkPHP/Library/Think/Session/Driver/Db.class.php 第 124 行.
NOTIC: [2] mysql_query() expects parameter 2 to be resource, null given /var/www/html/howmuch/ThinkPHP/Library/Think/Session/Driver/Db.class.php 第 125 行.
ERR: SQLSTATE[28000] [1045] Access denied for user 'howmuch'@'localhost' (using password: YES)

[ 2015-10-05T00:17:27+08:00 ] 127.0.0.1 /howmuch/
INFO: [ app_init ] --START--
INFO: Run Behavior\BuildLiteBehavior [ RunTime:0.000027s ]
INFO: [ app_init ] --END-- [ RunTime:0.000149s ]
INFO: [ app_begin ] --START--
INFO: Run Behavior\ReadHtmlCacheBehavior [ RunTime:0.000156s ]
INFO: [ app_begin ] --END-- [ RunTime:0.000234s ]
NOTIC: [8192] mysql_connect(): The mysql extension is deprecated and will be removed in the future: use mysqli or PDO instead /var/www/html/howmuch/ThinkPHP/Library/Think/Session/Driver/Db.class.php 第 95 行.
NOTIC: [2] mysql_connect(): Access denied for user 'howmuch'@'localhost' (using password: YES) /var/www/html/howmuch/ThinkPHP/Library/Think/Session/Driver/Db.class.php 第 95 行.
NOTIC: [2] mysql_select_db() expects parameter 2 to be resource, boolean given /var/www/html/howmuch/ThinkPHP/Library/Think/Session/Driver/Db.class.php 第 98 行.
NOTIC: [8] Undefined offset: 1 /var/www/html/howmuch/ThinkPHP/Library/Think/Session/Driver/Db.class.php 第 124 行.
NOTIC: [2] mysql_query() expects parameter 2 to be resource, null given /var/www/html/howmuch/ThinkPHP/Library/Think/Session/Driver/Db.class.php 第 125 行.
ERR: SQLSTATE[28000] [1045] Access denied for user 'howmuch'@'localhost' (using password: YES)

[ 2015-10-05T00:17:27+08:00 ] 127.0.0.1 /howmuch/
INFO: [ app_init ] --START--
INFO: Run Behavior\BuildLiteBehavior [ RunTime:0.000024s ]
INFO: [ app_init ] --END-- [ RunTime:0.000144s ]
INFO: [ app_begin ] --START--
INFO: Run Behavior\ReadHtmlCacheBehavior [ RunTime:0.000063s ]
INFO: [ app_begin ] --END-- [ RunTime:0.000110s ]
NOTIC: [8192] mysql_connect(): The mysql extension is deprecated and will be removed in the future: use mysqli or PDO instead /var/www/html/howmuch/ThinkPHP/Library/Think/Session/Driver/Db.class.php 第 95 行.
NOTIC: [2] mysql_connect(): Access denied for user 'howmuch'@'localhost' (using password: YES) /var/www/html/howmuch/ThinkPHP/Library/Think/Session/Driver/Db.class.php 第 95 行.
NOTIC: [2] mysql_select_db() expects parameter 2 to be resource, boolean given /var/www/html/howmuch/ThinkPHP/Library/Think/Session/Driver/Db.class.php 第 98 行.
NOTIC: [8] Undefined offset: 1 /var/www/html/howmuch/ThinkPHP/Library/Think/Session/Driver/Db.class.php 第 124 行.
NOTIC: [2] mysql_query() expects parameter 2 to be resource, null given /var/www/html/howmuch/ThinkPHP/Library/Think/Session/Driver/Db.class.php 第 125 行.
ERR: SQLSTATE[28000] [1045] Access denied for user 'howmuch'@'localhost' (using password: YES)

[ 2015-10-05T00:17:27+08:00 ] 127.0.0.1 /howmuch/
INFO: [ app_init ] --START--
INFO: Run Behavior\BuildLiteBehavior [ RunTime:0.000013s ]
INFO: [ app_init ] --END-- [ RunTime:0.000067s ]
INFO: [ app_begin ] --START--
INFO: Run Behavior\ReadHtmlCacheBehavior [ RunTime:0.000083s ]
INFO: [ app_begin ] --END-- [ RunTime:0.000121s ]
NOTIC: [8192] mysql_connect(): The mysql extension is deprecated and will be removed in the future: use mysqli or PDO instead /var/www/html/howmuch/ThinkPHP/Library/Think/Session/Driver/Db.class.php 第 95 行.
NOTIC: [2] mysql_connect(): Access denied for user 'howmuch'@'localhost' (using password: YES) /var/www/html/howmuch/ThinkPHP/Library/Think/Session/Driver/Db.class.php 第 95 行.
NOTIC: [2] mysql_select_db() expects parameter 2 to be resource, boolean given /var/www/html/howmuch/ThinkPHP/Library/Think/Session/Driver/Db.class.php 第 98 行.
NOTIC: [8] Undefined offset: 1 /var/www/html/howmuch/ThinkPHP/Library/Think/Session/Driver/Db.class.php 第 124 行.
NOTIC: [2] mysql_query() expects parameter 2 to be resource, null given /var/www/html/howmuch/ThinkPHP/Library/Think/Session/Driver/Db.class.php 第 125 行.
ERR: SQLSTATE[28000] [1045] Access denied for user 'howmuch'@'localhost' (using password: YES)

[ 2015-10-05T00:17:27+08:00 ] 127.0.0.1 /howmuch/
INFO: [ app_init ] --START--
INFO: Run Behavior\BuildLiteBehavior [ RunTime:0.000015s ]
INFO: [ app_init ] --END-- [ RunTime:0.000076s ]
INFO: [ app_begin ] --START--
INFO: Run Behavior\ReadHtmlCacheBehavior [ RunTime:0.000049s ]
INFO: [ app_begin ] --END-- [ RunTime:0.000085s ]
NOTIC: [8192] mysql_connect(): The mysql extension is deprecated and will be removed in the future: use mysqli or PDO instead /var/www/html/howmuch/ThinkPHP/Library/Think/Session/Driver/Db.class.php 第 95 行.
NOTIC: [2] mysql_connect(): Access denied for user 'howmuch'@'localhost' (using password: YES) /var/www/html/howmuch/ThinkPHP/Library/Think/Session/Driver/Db.class.php 第 95 行.
NOTIC: [2] mysql_select_db() expects parameter 2 to be resource, boolean given /var/www/html/howmuch/ThinkPHP/Library/Think/Session/Driver/Db.class.php 第 98 行.
NOTIC: [8] Undefined offset: 1 /var/www/html/howmuch/ThinkPHP/Library/Think/Session/Driver/Db.class.php 第 124 行.
NOTIC: [2] mysql_query() expects parameter 2 to be resource, null given /var/www/html/howmuch/ThinkPHP/Library/Think/Session/Driver/Db.class.php 第 125 行.
ERR: SQLSTATE[28000] [1045] Access denied for user 'howmuch'@'localhost' (using password: YES)

[ 2015-10-05T00:17:28+08:00 ] 127.0.0.1 /howmuch/
INFO: [ app_init ] --START--
INFO: Run Behavior\BuildLiteBehavior [ RunTime:0.000020s ]
INFO: [ app_init ] --END-- [ RunTime:0.000111s ]
INFO: [ app_begin ] --START--
INFO: Run Behavior\ReadHtmlCacheBehavior [ RunTime:0.000074s ]
INFO: [ app_begin ] --END-- [ RunTime:0.000131s ]
NOTIC: [8192] mysql_connect(): The mysql extension is deprecated and will be removed in the future: use mysqli or PDO instead /var/www/html/howmuch/ThinkPHP/Library/Think/Session/Driver/Db.class.php 第 95 行.
NOTIC: [2] mysql_connect(): Access denied for user 'howmuch'@'localhost' (using password: YES) /var/www/html/howmuch/ThinkPHP/Library/Think/Session/Driver/Db.class.php 第 95 行.
NOTIC: [2] mysql_select_db() expects parameter 2 to be resource, boolean given /var/www/html/howmuch/ThinkPHP/Library/Think/Session/Driver/Db.class.php 第 98 行.
NOTIC: [8] Undefined offset: 1 /var/www/html/howmuch/ThinkPHP/Library/Think/Session/Driver/Db.class.php 第 124 行.
NOTIC: [2] mysql_query() expects parameter 2 to be resource, null given /var/www/html/howmuch/ThinkPHP/Library/Think/Session/Driver/Db.class.php 第 125 行.
ERR: SQLSTATE[28000] [1045] Access denied for user 'howmuch'@'localhost' (using password: YES)

[ 2015-10-05T00:17:28+08:00 ] 127.0.0.1 /howmuch/
INFO: [ app_init ] --START--
INFO: Run Behavior\BuildLiteBehavior [ RunTime:0.000019s ]
INFO: [ app_init ] --END-- [ RunTime:0.000091s ]
INFO: [ app_begin ] --START--
INFO: Run Behavior\ReadHtmlCacheBehavior [ RunTime:0.000066s ]
INFO: [ app_begin ] --END-- [ RunTime:0.000116s ]
NOTIC: [8192] mysql_connect(): The mysql extension is deprecated and will be removed in the future: use mysqli or PDO instead /var/www/html/howmuch/ThinkPHP/Library/Think/Session/Driver/Db.class.php 第 95 行.
NOTIC: [2] mysql_connect(): Access denied for user 'howmuch'@'localhost' (using password: YES) /var/www/html/howmuch/ThinkPHP/Library/Think/Session/Driver/Db.class.php 第 95 行.
NOTIC: [2] mysql_select_db() expects parameter 2 to be resource, boolean given /var/www/html/howmuch/ThinkPHP/Library/Think/Session/Driver/Db.class.php 第 98 行.
NOTIC: [8] Undefined offset: 1 /var/www/html/howmuch/ThinkPHP/Library/Think/Session/Driver/Db.class.php 第 124 行.
NOTIC: [2] mysql_query() expects parameter 2 to be resource, null given /var/www/html/howmuch/ThinkPHP/Library/Think/Session/Driver/Db.class.php 第 125 行.
ERR: SQLSTATE[28000] [1045] Access denied for user 'howmuch'@'localhost' (using password: YES)

[ 2015-10-05T00:17:28+08:00 ] 127.0.0.1 /howmuch/
INFO: [ app_init ] --START--
INFO: Run Behavior\BuildLiteBehavior [ RunTime:0.000016s ]
INFO: [ app_init ] --END-- [ RunTime:0.000088s ]
INFO: [ app_begin ] --START--
INFO: Run Behavior\ReadHtmlCacheBehavior [ RunTime:0.000062s ]
INFO: [ app_begin ] --END-- [ RunTime:0.000108s ]
NOTIC: [8192] mysql_connect(): The mysql extension is deprecated and will be removed in the future: use mysqli or PDO instead /var/www/html/howmuch/ThinkPHP/Library/Think/Session/Driver/Db.class.php 第 95 行.
NOTIC: [2] mysql_connect(): Access denied for user 'howmuch'@'localhost' (using password: YES) /var/www/html/howmuch/ThinkPHP/Library/Think/Session/Driver/Db.class.php 第 95 行.
NOTIC: [2] mysql_select_db() expects parameter 2 to be resource, boolean given /var/www/html/howmuch/ThinkPHP/Library/Think/Session/Driver/Db.class.php 第 98 行.
NOTIC: [8] Undefined offset: 1 /var/www/html/howmuch/ThinkPHP/Library/Think/Session/Driver/Db.class.php 第 124 行.
NOTIC: [2] mysql_query() expects parameter 2 to be resource, null given /var/www/html/howmuch/ThinkPHP/Library/Think/Session/Driver/Db.class.php 第 125 行.
ERR: SQLSTATE[28000] [1045] Access denied for user 'howmuch'@'localhost' (using password: YES)

[ 2015-10-05T00:17:28+08:00 ] 127.0.0.1 /howmuch/
INFO: [ app_init ] --START--
INFO: Run Behavior\BuildLiteBehavior [ RunTime:0.000011s ]
INFO: [ app_init ] --END-- [ RunTime:0.000060s ]
INFO: [ app_begin ] --START--
INFO: Run Behavior\ReadHtmlCacheBehavior [ RunTime:0.000040s ]
INFO: [ app_begin ] --END-- [ RunTime:0.000071s ]
NOTIC: [8192] mysql_connect(): The mysql extension is deprecated and will be removed in the future: use mysqli or PDO instead /var/www/html/howmuch/ThinkPHP/Library/Think/Session/Driver/Db.class.php 第 95 行.
NOTIC: [2] mysql_connect(): Access denied for user 'howmuch'@'localhost' (using password: YES) /var/www/html/howmuch/ThinkPHP/Library/Think/Session/Driver/Db.class.php 第 95 行.
NOTIC: [2] mysql_select_db() expects parameter 2 to be resource, boolean given /var/www/html/howmuch/ThinkPHP/Library/Think/Session/Driver/Db.class.php 第 98 行.
NOTIC: [8] Undefined offset: 1 /var/www/html/howmuch/ThinkPHP/Library/Think/Session/Driver/Db.class.php 第 124 行.
NOTIC: [2] mysql_query() expects parameter 2 to be resource, null given /var/www/html/howmuch/ThinkPHP/Library/Think/Session/Driver/Db.class.php 第 125 行.
ERR: SQLSTATE[28000] [1045] Access denied for user 'howmuch'@'localhost' (using password: YES)

[ 2015-10-05T00:17:28+08:00 ] 127.0.0.1 /howmuch/
INFO: [ app_init ] --START--
INFO: Run Behavior\BuildLiteBehavior [ RunTime:0.000018s ]
INFO: [ app_init ] --END-- [ RunTime:0.000099s ]
INFO: [ app_begin ] --START--
INFO: Run Behavior\ReadHtmlCacheBehavior [ RunTime:0.000063s ]
INFO: [ app_begin ] --END-- [ RunTime:0.000107s ]
NOTIC: [8192] mysql_connect(): The mysql extension is deprecated and will be removed in the future: use mysqli or PDO instead /var/www/html/howmuch/ThinkPHP/Library/Think/Session/Driver/Db.class.php 第 95 行.
NOTIC: [2] mysql_connect(): Access denied for user 'howmuch'@'localhost' (using password: YES) /var/www/html/howmuch/ThinkPHP/Library/Think/Session/Driver/Db.class.php 第 95 行.
NOTIC: [2] mysql_select_db() expects parameter 2 to be resource, boolean given /var/www/html/howmuch/ThinkPHP/Library/Think/Session/Driver/Db.class.php 第 98 行.
NOTIC: [8] Undefined offset: 1 /var/www/html/howmuch/ThinkPHP/Library/Think/Session/Driver/Db.class.php 第 124 行.
NOTIC: [2] mysql_query() expects parameter 2 to be resource, null given /var/www/html/howmuch/ThinkPHP/Library/Think/Session/Driver/Db.class.php 第 125 行.
ERR: SQLSTATE[28000] [1045] Access denied for user 'howmuch'@'localhost' (using password: YES)

[ 2015-10-05T00:17:28+08:00 ] 127.0.0.1 /howmuch/
INFO: [ app_init ] --START--
INFO: Run Behavior\BuildLiteBehavior [ RunTime:0.000015s ]
INFO: [ app_init ] --END-- [ RunTime:0.000076s ]
INFO: [ app_begin ] --START--
INFO: Run Behavior\ReadHtmlCacheBehavior [ RunTime:0.000049s ]
INFO: [ app_begin ] --END-- [ RunTime:0.000085s ]
NOTIC: [8192] mysql_connect(): The mysql extension is deprecated and will be removed in the future: use mysqli or PDO instead /var/www/html/howmuch/ThinkPHP/Library/Think/Session/Driver/Db.class.php 第 95 行.
NOTIC: [2] mysql_connect(): Access denied for user 'howmuch'@'localhost' (using password: YES) /var/www/html/howmuch/ThinkPHP/Library/Think/Session/Driver/Db.class.php 第 95 行.
NOTIC: [2] mysql_select_db() expects parameter 2 to be resource, boolean given /var/www/html/howmuch/ThinkPHP/Library/Think/Session/Driver/Db.class.php 第 98 行.
NOTIC: [8] Undefined offset: 1 /var/www/html/howmuch/ThinkPHP/Library/Think/Session/Driver/Db.class.php 第 124 行.
NOTIC: [2] mysql_query() expects parameter 2 to be resource, null given /var/www/html/howmuch/ThinkPHP/Library/Think/Session/Driver/Db.class.php 第 125 行.
ERR: SQLSTATE[28000] [1045] Access denied for user 'howmuch'@'localhost' (using password: YES)

[ 2015-10-05T00:17:29+08:00 ] 127.0.0.1 /howmuch/
INFO: [ app_init ] --START--
INFO: Run Behavior\BuildLiteBehavior [ RunTime:0.000022s ]
INFO: [ app_init ] --END-- [ RunTime:0.000118s ]
INFO: [ app_begin ] --START--
INFO: Run Behavior\ReadHtmlCacheBehavior [ RunTime:0.000080s ]
INFO: [ app_begin ] --END-- [ RunTime:0.000143s ]
NOTIC: [8192] mysql_connect(): The mysql extension is deprecated and will be removed in the future: use mysqli or PDO instead /var/www/html/howmuch/ThinkPHP/Library/Think/Session/Driver/Db.class.php 第 95 行.
NOTIC: [2] mysql_connect(): Access denied for user 'howmuch'@'localhost' (using password: YES) /var/www/html/howmuch/ThinkPHP/Library/Think/Session/Driver/Db.class.php 第 95 行.
NOTIC: [2] mysql_select_db() expects parameter 2 to be resource, boolean given /var/www/html/howmuch/ThinkPHP/Library/Think/Session/Driver/Db.class.php 第 98 行.
NOTIC: [8] Undefined offset: 1 /var/www/html/howmuch/ThinkPHP/Library/Think/Session/Driver/Db.class.php 第 124 行.
NOTIC: [2] mysql_query() expects parameter 2 to be resource, null given /var/www/html/howmuch/ThinkPHP/Library/Think/Session/Driver/Db.class.php 第 125 行.
ERR: SQLSTATE[28000] [1045] Access denied for user 'howmuch'@'localhost' (using password: YES)

[ 2015-10-05T00:17:35+08:00 ] 127.0.0.1 /howmuch/
INFO: [ app_init ] --START--
INFO: Run Behavior\BuildLiteBehavior [ RunTime:0.000014s ]
INFO: [ app_init ] --END-- [ RunTime:0.000069s ]
INFO: [ app_begin ] --START--
INFO: Run Behavior\ReadHtmlCacheBehavior [ RunTime:0.000632s ]
INFO: [ app_begin ] --END-- [ RunTime:0.000671s ]
NOTIC: [8192] mysql_connect(): The mysql extension is deprecated and will be removed in the future: use mysqli or PDO instead /var/www/html/howmuch/ThinkPHP/Library/Think/Session/Driver/Db.class.php 第 95 行.
NOTIC: [2] mysql_connect(): Access denied for user 'howmuch'@'localhost' (using password: YES) /var/www/html/howmuch/ThinkPHP/Library/Think/Session/Driver/Db.class.php 第 95 行.
NOTIC: [2] mysql_select_db() expects parameter 2 to be resource, boolean given /var/www/html/howmuch/ThinkPHP/Library/Think/Session/Driver/Db.class.php 第 98 行.
NOTIC: [8] Undefined offset: 1 /var/www/html/howmuch/ThinkPHP/Library/Think/Session/Driver/Db.class.php 第 124 行.
NOTIC: [2] mysql_query() expects parameter 2 to be resource, null given /var/www/html/howmuch/ThinkPHP/Library/Think/Session/Driver/Db.class.php 第 125 行.
ERR: SQLSTATE[28000] [1045] Access denied for user 'howmuch'@'localhost' (using password: YES)

[ 2015-10-05T00:17:35+08:00 ] 127.0.0.1 /howmuch/
INFO: [ app_init ] --START--
INFO: Run Behavior\BuildLiteBehavior [ RunTime:0.000012s ]
INFO: [ app_init ] --END-- [ RunTime:0.000067s ]
INFO: [ app_begin ] --START--
INFO: Run Behavior\ReadHtmlCacheBehavior [ RunTime:0.000051s ]
INFO: [ app_begin ] --END-- [ RunTime:0.000083s ]
NOTIC: [8192] mysql_connect(): The mysql extension is deprecated and will be removed in the future: use mysqli or PDO instead /var/www/html/howmuch/ThinkPHP/Library/Think/Session/Driver/Db.class.php 第 95 行.
NOTIC: [2] mysql_connect(): Access denied for user 'howmuch'@'localhost' (using password: YES) /var/www/html/howmuch/ThinkPHP/Library/Think/Session/Driver/Db.class.php 第 95 行.
NOTIC: [2] mysql_select_db() expects parameter 2 to be resource, boolean given /var/www/html/howmuch/ThinkPHP/Library/Think/Session/Driver/Db.class.php 第 98 行.
NOTIC: [8] Undefined offset: 1 /var/www/html/howmuch/ThinkPHP/Library/Think/Session/Driver/Db.class.php 第 124 行.
NOTIC: [2] mysql_query() expects parameter 2 to be resource, null given /var/www/html/howmuch/ThinkPHP/Library/Think/Session/Driver/Db.class.php 第 125 行.
ERR: SQLSTATE[28000] [1045] Access denied for user 'howmuch'@'localhost' (using password: YES)

[ 2015-10-05T00:17:36+08:00 ] 127.0.0.1 /howmuch/
INFO: [ app_init ] --START--
INFO: Run Behavior\BuildLiteBehavior [ RunTime:0.000023s ]
INFO: [ app_init ] --END-- [ RunTime:0.000134s ]
INFO: [ app_begin ] --START--
INFO: Run Behavior\ReadHtmlCacheBehavior [ RunTime:0.000086s ]
INFO: [ app_begin ] --END-- [ RunTime:0.000158s ]
NOTIC: [8192] mysql_connect(): The mysql extension is deprecated and will be removed in the future: use mysqli or PDO instead /var/www/html/howmuch/ThinkPHP/Library/Think/Session/Driver/Db.class.php 第 95 行.
NOTIC: [2] mysql_connect(): Access denied for user 'howmuch'@'localhost' (using password: YES) /var/www/html/howmuch/ThinkPHP/Library/Think/Session/Driver/Db.class.php 第 95 行.
NOTIC: [2] mysql_select_db() expects parameter 2 to be resource, boolean given /var/www/html/howmuch/ThinkPHP/Library/Think/Session/Driver/Db.class.php 第 98 行.
NOTIC: [8] Undefined offset: 1 /var/www/html/howmuch/ThinkPHP/Library/Think/Session/Driver/Db.class.php 第 124 行.
NOTIC: [2] mysql_query() expects parameter 2 to be resource, null given /var/www/html/howmuch/ThinkPHP/Library/Think/Session/Driver/Db.class.php 第 125 行.
ERR: SQLSTATE[28000] [1045] Access denied for user 'howmuch'@'localhost' (using password: YES)

[ 2015-10-05T00:17:36+08:00 ] 127.0.0.1 /howmuch/
INFO: [ app_init ] --START--
INFO: Run Behavior\BuildLiteBehavior [ RunTime:0.000014s ]
INFO: [ app_init ] --END-- [ RunTime:0.000072s ]
INFO: [ app_begin ] --START--
INFO: Run Behavior\ReadHtmlCacheBehavior [ RunTime:0.000046s ]
INFO: [ app_begin ] --END-- [ RunTime:0.000080s ]
NOTIC: [8192] mysql_connect(): The mysql extension is deprecated and will be removed in the future: use mysqli or PDO instead /var/www/html/howmuch/ThinkPHP/Library/Think/Session/Driver/Db.class.php 第 95 行.
NOTIC: [2] mysql_connect(): Access denied for user 'howmuch'@'localhost' (using password: YES) /var/www/html/howmuch/ThinkPHP/Library/Think/Session/Driver/Db.class.php 第 95 行.
NOTIC: [2] mysql_select_db() expects parameter 2 to be resource, boolean given /var/www/html/howmuch/ThinkPHP/Library/Think/Session/Driver/Db.class.php 第 98 行.
NOTIC: [8] Undefined offset: 1 /var/www/html/howmuch/ThinkPHP/Library/Think/Session/Driver/Db.class.php 第 124 行.
NOTIC: [2] mysql_query() expects parameter 2 to be resource, null given /var/www/html/howmuch/ThinkPHP/Library/Think/Session/Driver/Db.class.php 第 125 行.
ERR: SQLSTATE[28000] [1045] Access denied for user 'howmuch'@'localhost' (using password: YES)

[ 2015-10-05T00:17:37+08:00 ] 127.0.0.1 /howmuch/
INFO: [ app_init ] --START--
INFO: Run Behavior\BuildLiteBehavior [ RunTime:0.000042s ]
INFO: [ app_init ] --END-- [ RunTime:0.000270s ]
INFO: [ app_begin ] --START--
INFO: Run Behavior\ReadHtmlCacheBehavior [ RunTime:0.000148s ]
INFO: [ app_begin ] --END-- [ RunTime:0.000280s ]
NOTIC: [8192] mysql_connect(): The mysql extension is deprecated and will be removed in the future: use mysqli or PDO instead /var/www/html/howmuch/ThinkPHP/Library/Think/Session/Driver/Db.class.php 第 95 行.
NOTIC: [2] mysql_connect(): Access denied for user 'howmuch'@'localhost' (using password: YES) /var/www/html/howmuch/ThinkPHP/Library/Think/Session/Driver/Db.class.php 第 95 行.
NOTIC: [2] mysql_select_db() expects parameter 2 to be resource, boolean given /var/www/html/howmuch/ThinkPHP/Library/Think/Session/Driver/Db.class.php 第 98 行.
NOTIC: [8] Undefined offset: 1 /var/www/html/howmuch/ThinkPHP/Library/Think/Session/Driver/Db.class.php 第 124 行.
NOTIC: [2] mysql_query() expects parameter 2 to be resource, null given /var/www/html/howmuch/ThinkPHP/Library/Think/Session/Driver/Db.class.php 第 125 行.
ERR: SQLSTATE[28000] [1045] Access denied for user 'howmuch'@'localhost' (using password: YES)

[ 2015-10-05T00:17:37+08:00 ] 127.0.0.1 /howmuch/
INFO: [ app_init ] --START--
INFO: Run Behavior\BuildLiteBehavior [ RunTime:0.000023s ]
INFO: [ app_init ] --END-- [ RunTime:0.000122s ]
INFO: [ app_begin ] --START--
INFO: Run Behavior\ReadHtmlCacheBehavior [ RunTime:0.000075s ]
INFO: [ app_begin ] --END-- [ RunTime:0.000132s ]
NOTIC: [8192] mysql_connect(): The mysql extension is deprecated and will be removed in the future: use mysqli or PDO instead /var/www/html/howmuch/ThinkPHP/Library/Think/Session/Driver/Db.class.php 第 95 行.
NOTIC: [2] mysql_connect(): Access denied for user 'howmuch'@'localhost' (using password: YES) /var/www/html/howmuch/ThinkPHP/Library/Think/Session/Driver/Db.class.php 第 95 行.
NOTIC: [2] mysql_select_db() expects parameter 2 to be resource, boolean given /var/www/html/howmuch/ThinkPHP/Library/Think/Session/Driver/Db.class.php 第 98 行.
NOTIC: [8] Undefined offset: 1 /var/www/html/howmuch/ThinkPHP/Library/Think/Session/Driver/Db.class.php 第 124 行.
NOTIC: [2] mysql_query() expects parameter 2 to be resource, null given /var/www/html/howmuch/ThinkPHP/Library/Think/Session/Driver/Db.class.php 第 125 行.
ERR: SQLSTATE[28000] [1045] Access denied for user 'howmuch'@'localhost' (using password: YES)

[ 2015-10-05T00:17:41+08:00 ] 127.0.0.1 /howmuch/
INFO: [ app_init ] --START--
INFO: Run Behavior\BuildLiteBehavior [ RunTime:0.000035s ]
INFO: [ app_init ] --END-- [ RunTime:0.000201s ]
INFO: [ app_begin ] --START--
INFO: Run Behavior\ReadHtmlCacheBehavior [ RunTime:0.000135s ]
INFO: [ app_begin ] --END-- [ RunTime:0.000242s ]
NOTIC: [8192] mysql_connect(): The mysql extension is deprecated and will be removed in the future: use mysqli or PDO instead /var/www/html/howmuch/ThinkPHP/Library/Think/Session/Driver/Db.class.php 第 95 行.
NOTIC: [2] mysql_connect(): Access denied for user 'howmuch'@'localhost' (using password: YES) /var/www/html/howmuch/ThinkPHP/Library/Think/Session/Driver/Db.class.php 第 95 行.
NOTIC: [2] mysql_select_db() expects parameter 2 to be resource, boolean given /var/www/html/howmuch/ThinkPHP/Library/Think/Session/Driver/Db.class.php 第 98 行.
NOTIC: [8] Undefined offset: 1 /var/www/html/howmuch/ThinkPHP/Library/Think/Session/Driver/Db.class.php 第 124 行.
NOTIC: [2] mysql_query() expects parameter 2 to be resource, null given /var/www/html/howmuch/ThinkPHP/Library/Think/Session/Driver/Db.class.php 第 125 行.
ERR: SQLSTATE[28000] [1045] Access denied for user 'howmuch'@'localhost' (using password: YES)

[ 2015-10-05T00:17:41+08:00 ] 127.0.0.1 /howmuch/
INFO: [ app_init ] --START--
INFO: Run Behavior\BuildLiteBehavior [ RunTime:0.000015s ]
INFO: [ app_init ] --END-- [ RunTime:0.000082s ]
INFO: [ app_begin ] --START--
INFO: Run Behavior\ReadHtmlCacheBehavior [ RunTime:0.000051s ]
INFO: [ app_begin ] --END-- [ RunTime:0.000091s ]
NOTIC: [8192] mysql_connect(): The mysql extension is deprecated and will be removed in the future: use mysqli or PDO instead /var/www/html/howmuch/ThinkPHP/Library/Think/Session/Driver/Db.class.php 第 95 行.
NOTIC: [2] mysql_connect(): Access denied for user 'howmuch'@'localhost' (using password: YES) /var/www/html/howmuch/ThinkPHP/Library/Think/Session/Driver/Db.class.php 第 95 行.
NOTIC: [2] mysql_select_db() expects parameter 2 to be resource, boolean given /var/www/html/howmuch/ThinkPHP/Library/Think/Session/Driver/Db.class.php 第 98 行.
NOTIC: [8] Undefined offset: 1 /var/www/html/howmuch/ThinkPHP/Library/Think/Session/Driver/Db.class.php 第 124 行.
NOTIC: [2] mysql_query() expects parameter 2 to be resource, null given /var/www/html/howmuch/ThinkPHP/Library/Think/Session/Driver/Db.class.php 第 125 行.
ERR: SQLSTATE[28000] [1045] Access denied for user 'howmuch'@'localhost' (using password: YES)

[ 2015-10-05T00:18:11+08:00 ] 127.0.0.1 /howmuch/
INFO: [ app_init ] --START--
INFO: Run Behavior\BuildLiteBehavior [ RunTime:0.000045s ]
INFO: [ app_init ] --END-- [ RunTime:0.000220s ]
INFO: [ app_begin ] --START--
INFO: Run Behavior\ReadHtmlCacheBehavior [ RunTime:0.000285s ]
INFO: [ app_begin ] --END-- [ RunTime:0.000503s ]
NOTIC: [8192] mysql_connect(): The mysql extension is deprecated and will be removed in the future: use mysqli or PDO instead /var/www/html/howmuch/ThinkPHP/Library/Think/Session/Driver/Db.class.php 第 95 行.
NOTIC: [2] mysql_connect(): Access denied for user 'howmuch'@'localhost' (using password: YES) /var/www/html/howmuch/ThinkPHP/Library/Think/Session/Driver/Db.class.php 第 95 行.
NOTIC: [2] mysql_select_db() expects parameter 2 to be resource, boolean given /var/www/html/howmuch/ThinkPHP/Library/Think/Session/Driver/Db.class.php 第 98 行.
NOTIC: [8] Undefined offset: 1 /var/www/html/howmuch/ThinkPHP/Library/Think/Session/Driver/Db.class.php 第 124 行.
NOTIC: [2] mysql_query() expects parameter 2 to be resource, null given /var/www/html/howmuch/ThinkPHP/Library/Think/Session/Driver/Db.class.php 第 125 行.
ERR: SQLSTATE[28000] [1045] Access denied for user 'howmuch'@'localhost' (using password: YES)

[ 2015-10-05T00:18:19+08:00 ] 127.0.0.1 /howmuch/
INFO: [ app_init ] --START--
INFO: Run Behavior\BuildLiteBehavior [ RunTime:0.000040s ]
INFO: [ app_init ] --END-- [ RunTime:0.000223s ]
INFO: [ app_begin ] --START--
INFO: Run Behavior\ReadHtmlCacheBehavior [ RunTime:0.000181s ]
INFO: [ app_begin ] --END-- [ RunTime:0.000329s ]
NOTIC: [8192] mysql_connect(): The mysql extension is deprecated and will be removed in the future: use mysqli or PDO instead /var/www/html/howmuch/ThinkPHP/Library/Think/Session/Driver/Db.class.php 第 95 行.
INFO: [ view_parse ] --START--
INFO: [ template_filter ] --START--
INFO: Run Behavior\ContentReplaceBehavior [ RunTime:0.000092s ]
INFO: [ template_filter ] --END-- [ RunTime:0.000153s ]
INFO: Run Behavior\ParseTemplateBehavior [ RunTime:0.016101s ]
INFO: [ view_parse ] --END-- [ RunTime:0.016190s ]
INFO: [ view_filter ] --START--
INFO: Run Behavior\WriteHtmlCacheBehavior [ RunTime:0.000421s ]
INFO: [ view_filter ] --END-- [ RunTime:0.000460s ]
INFO: [ app_end ] --START--
INFO: Run Behavior\ShowPageTraceBehavior [ RunTime:0.001041s ]
INFO: [ app_end ] --END-- [ RunTime:0.001083s ]

[ 2015-10-05T00:18:21+08:00 ] 127.0.0.1 /howmuch/index.php?s=/Home/Index/user.html
INFO: [ app_init ] --START--
INFO: Run Behavior\BuildLiteBehavior [ RunTime:0.000028s ]
INFO: [ app_init ] --END-- [ RunTime:0.000159s ]
INFO: [ app_begin ] --START--
INFO: Run Behavior\ReadHtmlCacheBehavior [ RunTime:0.000069s ]
INFO: [ app_begin ] --END-- [ RunTime:0.000124s ]
NOTIC: [8192] mysql_connect(): The mysql extension is deprecated and will be removed in the future: use mysqli or PDO instead /var/www/html/howmuch/ThinkPHP/Library/Think/Session/Driver/Db.class.php 第 95 行.
NOTIC: [8] Undefined index: sel /var/www/html/howmuch/HowMuch/Common/Controller/PageTool.class.php 第 265 行.
NOTIC: [8] Undefined index: default /var/www/html/howmuch/HowMuch/Common/Controller/PageTool.class.php 第 298 行.
NOTIC: [8] Undefined index: class /var/www/html/howmuch/HowMuch/Common/Controller/PageTool.class.php 第 356 行.
INFO: [ view_parse ] --START--
INFO: [ template_filter ] --START--
INFO: Run Behavior\ContentReplaceBehavior [ RunTime:0.000034s ]
INFO: [ template_filter ] --END-- [ RunTime:0.000074s ]
INFO: Run Behavior\ParseTemplateBehavior [ RunTime:0.002638s ]
INFO: [ view_parse ] --END-- [ RunTime:0.002684s ]
INFO: [ view_filter ] --START--
INFO: Run Behavior\WriteHtmlCacheBehavior [ RunTime:0.000036s ]
INFO: [ view_filter ] --END-- [ RunTime:0.000063s ]
INFO: [ app_end ] --START--
INFO: Run Behavior\ShowPageTraceBehavior [ RunTime:0.000035s ]
INFO: [ app_end ] --END-- [ RunTime:0.000063s ]

[ 2015-10-05T00:18:23+08:00 ] 127.0.0.1 /howmuch/index.php?s=/Home/Index/user.html&form=add
INFO: [ app_init ] --START--
INFO: Run Behavior\BuildLiteBehavior [ RunTime:0.000034s ]
INFO: [ app_init ] --END-- [ RunTime:0.000149s ]
INFO: [ app_begin ] --START--
INFO: Run Behavior\ReadHtmlCacheBehavior [ RunTime:0.000073s ]
INFO: [ app_begin ] --END-- [ RunTime:0.000139s ]
NOTIC: [8192] mysql_connect(): The mysql extension is deprecated and will be removed in the future: use mysqli or PDO instead /var/www/html/howmuch/ThinkPHP/Library/Think/Session/Driver/Db.class.php 第 95 行.
INFO: [ view_parse ] --START--
INFO: Run Behavior\ParseTemplateBehavior [ RunTime:0.000636s ]
INFO: [ view_parse ] --END-- [ RunTime:0.000704s ]
INFO: [ view_filter ] --START--
INFO: Run Behavior\WriteHtmlCacheBehavior [ RunTime:0.000048s ]
INFO: [ view_filter ] --END-- [ RunTime:0.000088s ]
INFO: [ app_end ] --START--
INFO: Run Behavior\ShowPageTraceBehavior [ RunTime:0.000039s ]
INFO: [ app_end ] --END-- [ RunTime:0.000081s ]

[ 2015-10-05T00:18:33+08:00 ] 127.0.0.1 /howmuch/index.php?s=/Home/Index/user.html&form=add
INFO: [ app_init ] --START--
INFO: Run Behavior\BuildLiteBehavior [ RunTime:0.000014s ]
INFO: [ app_init ] --END-- [ RunTime:0.000075s ]
INFO: [ app_begin ] --START--
INFO: Run Behavior\ReadHtmlCacheBehavior [ RunTime:0.000045s ]
INFO: [ app_begin ] --END-- [ RunTime:0.000081s ]
NOTIC: [8192] mysql_connect(): The mysql extension is deprecated and will be removed in the future: use mysqli or PDO instead /var/www/html/howmuch/ThinkPHP/Library/Think/Session/Driver/Db.class.php 第 95 行.
NOTIC: [8] Undefined index: addNum /var/www/html/howmuch/HowMuch/Common/Controller/Form.class.php 第 218 行.
NOTIC: [2] Invalid argument supplied for foreach() /var/www/html/howmuch/HowMuch/Common/Controller/Form.class.php 第 218 行.
NOTIC: [8] Undefined index: info /var/www/html/howmuch/HowMuch/Common/Controller/Form.class.php 第 325 行.

[ 2015-10-05T00:18:36+08:00 ] 127.0.0.1 /howmuch/index.php?s=/Home/Index/user.html
INFO: [ app_init ] --START--
INFO: Run Behavior\BuildLiteBehavior [ RunTime:0.000035s ]
INFO: [ app_init ] --END-- [ RunTime:0.000186s ]
INFO: [ app_begin ] --START--
INFO: Run Behavior\ReadHtmlCacheBehavior [ RunTime:0.000126s ]
INFO: [ app_begin ] --END-- [ RunTime:0.000242s ]
NOTIC: [8192] mysql_connect(): The mysql extension is deprecated and will be removed in the future: use mysqli or PDO instead /var/www/html/howmuch/ThinkPHP/Library/Think/Session/Driver/Db.class.php 第 95 行.
NOTIC: [8] Undefined index: sel /var/www/html/howmuch/HowMuch/Common/Controller/PageTool.class.php 第 265 行.
NOTIC: [8] Undefined index: default /var/www/html/howmuch/HowMuch/Common/Controller/PageTool.class.php 第 298 行.
NOTIC: [8] Undefined index: class /var/www/html/howmuch/HowMuch/Common/Controller/PageTool.class.php 第 356 行.
INFO: [ view_parse ] --START--
INFO: [ template_filter ] --START--
INFO: Run Behavior\ContentReplaceBehavior [ RunTime:0.000085s ]
INFO: [ template_filter ] --END-- [ RunTime:0.000217s ]
INFO: Run Behavior\ParseTemplateBehavior [ RunTime:0.003958s ]
INFO: [ view_parse ] --END-- [ RunTime:0.004053s ]
INFO: [ view_filter ] --START--
INFO: Run Behavior\WriteHtmlCacheBehavior [ RunTime:0.000083s ]
INFO: [ view_filter ] --END-- [ RunTime:0.000130s ]
INFO: [ app_end ] --START--
INFO: Run Behavior\ShowPageTraceBehavior [ RunTime:0.000067s ]
INFO: [ app_end ] --END-- [ RunTime:0.000117s ]

[ 2015-10-05T00:18:37+08:00 ] 127.0.0.1 /howmuch/index.php?s=/Home/Index/user.html
INFO: [ app_init ] --START--
INFO: Run Behavior\BuildLiteBehavior [ RunTime:0.000038s ]
INFO: [ app_init ] --END-- [ RunTime:0.000201s ]
INFO: [ app_begin ] --START--
INFO: Run Behavior\ReadHtmlCacheBehavior [ RunTime:0.000108s ]
INFO: [ app_begin ] --END-- [ RunTime:0.000241s ]
NOTIC: [8192] mysql_connect(): The mysql extension is deprecated and will be removed in the future: use mysqli or PDO instead /var/www/html/howmuch/ThinkPHP/Library/Think/Session/Driver/Db.class.php 第 95 行.
NOTIC: [8] Undefined index: sel /var/www/html/howmuch/HowMuch/Common/Controller/PageTool.class.php 第 265 行.
NOTIC: [8] Undefined index: default /var/www/html/howmuch/HowMuch/Common/Controller/PageTool.class.php 第 298 行.
NOTIC: [8] Undefined index: class /var/www/html/howmuch/HowMuch/Common/Controller/PageTool.class.php 第 356 行.
INFO: [ view_parse ] --START--
INFO: [ template_filter ] --START--
INFO: Run Behavior\ContentReplaceBehavior [ RunTime:0.000081s ]
INFO: [ template_filter ] --END-- [ RunTime:0.000176s ]
INFO: Run Behavior\ParseTemplateBehavior [ RunTime:0.004459s ]
INFO: [ view_parse ] --END-- [ RunTime:0.004575s ]
INFO: [ view_filter ] --START--
INFO: Run Behavior\WriteHtmlCacheBehavior [ RunTime:0.000093s ]
INFO: [ view_filter ] --END-- [ RunTime:0.000174s ]
INFO: [ app_end ] --START--
INFO: Run Behavior\ShowPageTraceBehavior [ RunTime:0.000070s ]
INFO: [ app_end ] --END-- [ RunTime:0.000151s ]

[ 2015-10-05T00:18:38+08:00 ] 127.0.0.1 /howmuch/index.php?s=/Home/Index/user.html
INFO: [ app_init ] --START--
INFO: Run Behavior\BuildLiteBehavior [ RunTime:0.000034s ]
INFO: [ app_init ] --END-- [ RunTime:0.000209s ]
INFO: [ app_begin ] --START--
INFO: Run Behavior\ReadHtmlCacheBehavior [ RunTime:0.000095s ]
INFO: [ app_begin ] --END-- [ RunTime:0.000219s ]
NOTIC: [8192] mysql_connect(): The mysql extension is deprecated and will be removed in the future: use mysqli or PDO instead /var/www/html/howmuch/ThinkPHP/Library/Think/Session/Driver/Db.class.php 第 95 行.
NOTIC: [8] Undefined index: sel /var/www/html/howmuch/HowMuch/Common/Controller/PageTool.class.php 第 265 行.
NOTIC: [8] Undefined index: default /var/www/html/howmuch/HowMuch/Common/Controller/PageTool.class.php 第 298 行.
NOTIC: [8] Undefined index: class /var/www/html/howmuch/HowMuch/Common/Controller/PageTool.class.php 第 356 行.
INFO: [ view_parse ] --START--
INFO: [ template_filter ] --START--
INFO: Run Behavior\ContentReplaceBehavior [ RunTime:0.000051s ]
INFO: [ template_filter ] --END-- [ RunTime:0.000115s ]
INFO: Run Behavior\ParseTemplateBehavior [ RunTime:0.003321s ]
INFO: [ view_parse ] --END-- [ RunTime:0.003392s ]
INFO: [ view_filter ] --START--
INFO: Run Behavior\WriteHtmlCacheBehavior [ RunTime:0.000059s ]
INFO: [ view_filter ] --END-- [ RunTime:0.000101s ]
INFO: [ app_end ] --START--
INFO: Run Behavior\ShowPageTraceBehavior [ RunTime:0.000042s ]
INFO: [ app_end ] --END-- [ RunTime:0.000086s ]

[ 2015-10-05T00:18:42+08:00 ] 127.0.0.1 /howmuch/index.php?s=/Home/Index/user.html
INFO: [ app_init ] --START--
INFO: Run Behavior\BuildLiteBehavior [ RunTime:0.000020s ]
INFO: [ app_init ] --END-- [ RunTime:0.000099s ]
INFO: [ app_begin ] --START--
INFO: Run Behavior\ReadHtmlCacheBehavior [ RunTime:0.000062s ]
INFO: [ app_begin ] --END-- [ RunTime:0.000117s ]
NOTIC: [8192] mysql_connect(): The mysql extension is deprecated and will be removed in the future: use mysqli or PDO instead /var/www/html/howmuch/ThinkPHP/Library/Think/Session/Driver/Db.class.php 第 95 行.
NOTIC: [8] Undefined index: sel /var/www/html/howmuch/HowMuch/Common/Controller/PageTool.class.php 第 265 行.
NOTIC: [8] Undefined index: default /var/www/html/howmuch/HowMuch/Common/Controller/PageTool.class.php 第 298 行.
NOTIC: [8] Undefined index: class /var/www/html/howmuch/HowMuch/Common/Controller/PageTool.class.php 第 356 行.
INFO: [ view_parse ] --START--
INFO: [ template_filter ] --START--
INFO: Run Behavior\ContentReplaceBehavior [ RunTime:0.000106s ]
INFO: [ template_filter ] --END-- [ RunTime:0.000237s ]
INFO: Run Behavior\ParseTemplateBehavior [ RunTime:0.005685s ]
INFO: [ view_parse ] --END-- [ RunTime:0.005788s ]
INFO: [ view_filter ] --START--
INFO: Run Behavior\WriteHtmlCacheBehavior [ RunTime:0.000109s ]
INFO: [ view_filter ] --END-- [ RunTime:0.000194s ]
INFO: [ app_end ] --START--
INFO: Run Behavior\ShowPageTraceBehavior [ RunTime:0.000089s ]
INFO: [ app_end ] --END-- [ RunTime:0.000179s ]

[ 2015-10-05T00:18:43+08:00 ] 127.0.0.1 /howmuch/index.php?s=/Home/Index/user.html&form=add
INFO: [ app_init ] --START--
INFO: Run Behavior\BuildLiteBehavior [ RunTime:0.000020s ]
INFO: [ app_init ] --END-- [ RunTime:0.000095s ]
INFO: [ app_begin ] --START--
INFO: Run Behavior\ReadHtmlCacheBehavior [ RunTime:0.000068s ]
INFO: [ app_begin ] --END-- [ RunTime:0.000129s ]
NOTIC: [8192] mysql_connect(): The mysql extension is deprecated and will be removed in the future: use mysqli or PDO instead /var/www/html/howmuch/ThinkPHP/Library/Think/Session/Driver/Db.class.php 第 95 行.
INFO: [ view_parse ] --START--
INFO: Run Behavior\ParseTemplateBehavior [ RunTime:0.000148s ]
INFO: [ view_parse ] --END-- [ RunTime:0.000226s ]
INFO: [ view_filter ] --START--
INFO: Run Behavior\WriteHtmlCacheBehavior [ RunTime:0.000041s ]
INFO: [ view_filter ] --END-- [ RunTime:0.000065s ]
INFO: [ app_end ] --START--
INFO: Run Behavior\ShowPageTraceBehavior [ RunTime:0.000025s ]
INFO: [ app_end ] --END-- [ RunTime:0.000052s ]

[ 2015-10-05T10:50:36+08:00 ] 127.0.0.1 /howmuch/
INFO: [ app_init ] --START--
INFO: Run Behavior\BuildLiteBehavior [ RunTime:0.000019s ]
INFO: [ app_init ] --END-- [ RunTime:0.000104s ]
INFO: [ app_begin ] --START--
INFO: Run Behavior\ReadHtmlCacheBehavior [ RunTime:0.000998s ]
INFO: [ app_begin ] --END-- [ RunTime:0.001075s ]
NOTIC: [8192] mysql_connect(): The mysql extension is deprecated and will be removed in the future: use mysqli or PDO instead /var/www/html/howmuch/ThinkPHP/Library/Think/Session/Driver/Db.class.php 第 95 行.
INFO: [ view_parse ] --START--
INFO: [ template_filter ] --START--
INFO: Run Behavior\ContentReplaceBehavior [ RunTime:0.000118s ]
INFO: [ template_filter ] --END-- [ RunTime:0.000185s ]
INFO: Run Behavior\ParseTemplateBehavior [ RunTime:0.015913s ]
INFO: [ view_parse ] --END-- [ RunTime:0.016000s ]
INFO: [ view_filter ] --START--
INFO: Run Behavior\WriteHtmlCacheBehavior [ RunTime:0.000560s ]
INFO: [ view_filter ] --END-- [ RunTime:0.000610s ]
INFO: [ app_end ] --START--
INFO: Run Behavior\ShowPageTraceBehavior [ RunTime:0.001237s ]
INFO: [ app_end ] --END-- [ RunTime:0.001289s ]

[ 2015-10-05T10:50:41+08:00 ] 127.0.0.1 /howmuch/index.php?s=/Home/Index/user.html
INFO: [ app_init ] --START--
INFO: Run Behavior\BuildLiteBehavior [ RunTime:0.000020s ]
INFO: [ app_init ] --END-- [ RunTime:0.000109s ]
INFO: [ app_begin ] --START--
INFO: Run Behavior\ReadHtmlCacheBehavior [ RunTime:0.000075s ]
INFO: [ app_begin ] --END-- [ RunTime:0.000131s ]
NOTIC: [8192] mysql_connect(): The mysql extension is deprecated and will be removed in the future: use mysqli or PDO instead /var/www/html/howmuch/ThinkPHP/Library/Think/Session/Driver/Db.class.php 第 95 行.
NOTIC: [8] Undefined index: sel /var/www/html/howmuch/HowMuch/Common/Controller/PageTool.class.php 第 265 行.
NOTIC: [8] Undefined index: default /var/www/html/howmuch/HowMuch/Common/Controller/PageTool.class.php 第 298 行.
NOTIC: [8] Undefined index: class /var/www/html/howmuch/HowMuch/Common/Controller/PageTool.class.php 第 356 行.
INFO: [ view_parse ] --START--
INFO: [ template_filter ] --START--
INFO: Run Behavior\ContentReplaceBehavior [ RunTime:0.000036s ]
INFO: [ template_filter ] --END-- [ RunTime:0.000096s ]
INFO: Run Behavior\ParseTemplateBehavior [ RunTime:0.002742s ]
INFO: [ view_parse ] --END-- [ RunTime:0.002789s ]
INFO: [ view_filter ] --START--
INFO: Run Behavior\WriteHtmlCacheBehavior [ RunTime:0.000046s ]
INFO: [ view_filter ] --END-- [ RunTime:0.000074s ]
INFO: [ app_end ] --START--
INFO: Run Behavior\ShowPageTraceBehavior [ RunTime:0.000033s ]
INFO: [ app_end ] --END-- [ RunTime:0.000060s ]

[ 2015-10-05T10:50:44+08:00 ] 127.0.0.1 /howmuch/index.php?s=/Home/Index/user.html&form=edit&where=%27id=1%27
INFO: [ app_init ] --START--
INFO: Run Behavior\BuildLiteBehavior [ RunTime:0.000025s ]
INFO: [ app_init ] --END-- [ RunTime:0.000122s ]
INFO: [ app_begin ] --START--
INFO: Run Behavior\ReadHtmlCacheBehavior [ RunTime:0.000159s ]
INFO: [ app_begin ] --END-- [ RunTime:0.000285s ]
NOTIC: [8192] mysql_connect(): The mysql extension is deprecated and will be removed in the future: use mysqli or PDO instead /var/www/html/howmuch/ThinkPHP/Library/Think/Session/Driver/Db.class.php 第 95 行.
INFO: [ view_parse ] --START--
INFO: [ template_filter ] --START--
INFO: Run Behavior\ContentReplaceBehavior [ RunTime:0.000058s ]
INFO: [ template_filter ] --END-- [ RunTime:0.000126s ]
INFO: Run Behavior\ParseTemplateBehavior [ RunTime:0.002169s ]
INFO: [ view_parse ] --END-- [ RunTime:0.002231s ]
INFO: [ view_filter ] --START--
INFO: Run Behavior\WriteHtmlCacheBehavior [ RunTime:0.000065s ]
INFO: [ view_filter ] --END-- [ RunTime:0.000115s ]
INFO: [ app_end ] --START--
INFO: Run Behavior\ShowPageTraceBehavior [ RunTime:0.000051s ]
INFO: [ app_end ] --END-- [ RunTime:0.000102s ]

[ 2015-10-05T10:50:45+08:00 ] 127.0.0.1 /howmuch/index.php?s=/Home/Index/user.html&form=edit&where=%27id=1%27
INFO: [ app_init ] --START--
INFO: Run Behavior\BuildLiteBehavior [ RunTime:0.000032s ]
INFO: [ app_init ] --END-- [ RunTime:0.000160s ]
INFO: [ app_begin ] --START--
INFO: Run Behavior\ReadHtmlCacheBehavior [ RunTime:0.000098s ]
INFO: [ app_begin ] --END-- [ RunTime:0.000229s ]
NOTIC: [8192] mysql_connect(): The mysql extension is deprecated and will be removed in the future: use mysqli or PDO instead /var/www/html/howmuch/ThinkPHP/Library/Think/Session/Driver/Db.class.php 第 95 行.

[ 2015-10-05T10:50:49+08:00 ] 127.0.0.1 /howmuch/index.php?s=/Home/Index/user.html&form=add
INFO: [ app_init ] --START--
INFO: Run Behavior\BuildLiteBehavior [ RunTime:0.000024s ]
INFO: [ app_init ] --END-- [ RunTime:0.000108s ]
INFO: [ app_begin ] --START--
INFO: Run Behavior\ReadHtmlCacheBehavior [ RunTime:0.000071s ]
INFO: [ app_begin ] --END-- [ RunTime:0.000132s ]
NOTIC: [8192] mysql_connect(): The mysql extension is deprecated and will be removed in the future: use mysqli or PDO instead /var/www/html/howmuch/ThinkPHP/Library/Think/Session/Driver/Db.class.php 第 95 行.
INFO: [ view_parse ] --START--
INFO: Run Behavior\ParseTemplateBehavior [ RunTime:0.002257s ]
INFO: [ view_parse ] --END-- [ RunTime:0.002372s ]
INFO: [ view_filter ] --START--
INFO: Run Behavior\WriteHtmlCacheBehavior [ RunTime:0.000089s ]
INFO: [ view_filter ] --END-- [ RunTime:0.000140s ]
INFO: [ app_end ] --START--
INFO: Run Behavior\ShowPageTraceBehavior [ RunTime:0.000061s ]
INFO: [ app_end ] --END-- [ RunTime:0.000113s ]

[ 2015-10-05T10:51:10+08:00 ] 127.0.0.1 /howmuch/index.php?s=/Home/Index/user.html&form=add
INFO: [ app_init ] --START--
INFO: Run Behavior\BuildLiteBehavior [ RunTime:0.000021s ]
INFO: [ app_init ] --END-- [ RunTime:0.000108s ]
INFO: [ app_begin ] --START--
INFO: Run Behavior\ReadHtmlCacheBehavior [ RunTime:0.000069s ]
INFO: [ app_begin ] --END-- [ RunTime:0.000129s ]
NOTIC: [8192] mysql_connect(): The mysql extension is deprecated and will be removed in the future: use mysqli or PDO instead /var/www/html/howmuch/ThinkPHP/Library/Think/Session/Driver/Db.class.php 第 95 行.
NOTIC: [8] Undefined index: addNum /var/www/html/howmuch/HowMuch/Common/Controller/Form.class.php 第 218 行.
NOTIC: [2] Invalid argument supplied for foreach() /var/www/html/howmuch/HowMuch/Common/Controller/Form.class.php 第 218 行.
NOTIC: [8] Undefined index: info /var/www/html/howmuch/HowMuch/Common/Controller/Form.class.php 第 325 行.

[ 2015-10-05T10:51:11+08:00 ] 127.0.0.1 /howmuch/index.php?s=/Home/Index/user/p/1.html
INFO: [ app_init ] --START--
INFO: Run Behavior\BuildLiteBehavior [ RunTime:0.000027s ]
INFO: [ app_init ] --END-- [ RunTime:0.000137s ]
INFO: [ app_begin ] --START--
INFO: Run Behavior\ReadHtmlCacheBehavior [ RunTime:0.000083s ]
INFO: [ app_begin ] --END-- [ RunTime:0.000246s ]
NOTIC: [8192] mysql_connect(): The mysql extension is deprecated and will be removed in the future: use mysqli or PDO instead /var/www/html/howmuch/ThinkPHP/Library/Think/Session/Driver/Db.class.php 第 95 行.
NOTIC: [8] Undefined index: sel /var/www/html/howmuch/HowMuch/Common/Controller/PageTool.class.php 第 265 行.
NOTIC: [8] Undefined index: default /var/www/html/howmuch/HowMuch/Common/Controller/PageTool.class.php 第 298 行.
NOTIC: [8] Undefined index: class /var/www/html/howmuch/HowMuch/Common/Controller/PageTool.class.php 第 356 行.

[ 2015-10-05T10:51:19+08:00 ] 127.0.0.1 /howmuch/index.php?s=/Home/Index/user.html&form=add
INFO: [ app_init ] --START--
INFO: Run Behavior\BuildLiteBehavior [ RunTime:0.000028s ]
INFO: [ app_init ] --END-- [ RunTime:0.000195s ]
INFO: [ app_begin ] --START--
INFO: Run Behavior\ReadHtmlCacheBehavior [ RunTime:0.000217s ]
INFO: [ app_begin ] --END-- [ RunTime:0.000343s ]
NOTIC: [8192] mysql_connect(): The mysql extension is deprecated and will be removed in the future: use mysqli or PDO instead /var/www/html/howmuch/ThinkPHP/Library/Think/Session/Driver/Db.class.php 第 95 行.
INFO: [ view_parse ] --START--
INFO: Run Behavior\ParseTemplateBehavior [ RunTime:0.000139s ]
INFO: [ view_parse ] --END-- [ RunTime:0.000222s ]
INFO: [ view_filter ] --START--
INFO: Run Behavior\WriteHtmlCacheBehavior [ RunTime:0.000062s ]
INFO: [ view_filter ] --END-- [ RunTime:0.000108s ]
INFO: [ app_end ] --START--
INFO: Run Behavior\ShowPageTraceBehavior [ RunTime:0.000053s ]
INFO: [ app_end ] --END-- [ RunTime:0.000101s ]

[ 2015-10-05T10:51:30+08:00 ] 127.0.0.1 /howmuch/index.php?s=/Home/Index/user.html&form=add
INFO: [ app_init ] --START--
INFO: Run Behavior\BuildLiteBehavior [ RunTime:0.000024s ]
INFO: [ app_init ] --END-- [ RunTime:0.000136s ]
INFO: [ app_begin ] --START--
INFO: Run Behavior\ReadHtmlCacheBehavior [ RunTime:0.000078s ]
INFO: [ app_begin ] --END-- [ RunTime:0.000142s ]
NOTIC: [8192] mysql_connect(): The mysql extension is deprecated and will be removed in the future: use mysqli or PDO instead /var/www/html/howmuch/ThinkPHP/Library/Think/Session/Driver/Db.class.php 第 95 行.
NOTIC: [8] Undefined index: addNum /var/www/html/howmuch/HowMuch/Common/Controller/Form.class.php 第 218 行.
NOTIC: [2] Invalid argument supplied for foreach() /var/www/html/howmuch/HowMuch/Common/Controller/Form.class.php 第 218 行.
NOTIC: [8] Undefined index: info /var/www/html/howmuch/HowMuch/Common/Controller/Form.class.php 第 325 行.

[ 2015-10-05T10:51:32+08:00 ] 127.0.0.1 /howmuch/index.php?s=/Home/Index/user/p/1.html
INFO: [ app_init ] --START--
INFO: Run Behavior\BuildLiteBehavior [ RunTime:0.000029s ]
INFO: [ app_init ] --END-- [ RunTime:0.000155s ]
INFO: [ app_begin ] --START--
INFO: Run Behavior\ReadHtmlCacheBehavior [ RunTime:0.000068s ]
INFO: [ app_begin ] --END-- [ RunTime:0.000132s ]
NOTIC: [8192] mysql_connect(): The mysql extension is deprecated and will be removed in the future: use mysqli or PDO instead /var/www/html/howmuch/ThinkPHP/Library/Think/Session/Driver/Db.class.php 第 95 行.
NOTIC: [8] Undefined index: sel /var/www/html/howmuch/HowMuch/Common/Controller/PageTool.class.php 第 265 行.
NOTIC: [8] Undefined index: default /var/www/html/howmuch/HowMuch/Common/Controller/PageTool.class.php 第 298 行.
NOTIC: [8] Undefined index: class /var/www/html/howmuch/HowMuch/Common/Controller/PageTool.class.php 第 356 行.

[ 2015-10-05T10:51:33+08:00 ] 127.0.0.1 /howmuch/index.php?s=/Home/Index/user.html&form=add
INFO: [ app_init ] --START--
INFO: Run Behavior\BuildLiteBehavior [ RunTime:0.000030s ]
INFO: [ app_init ] --END-- [ RunTime:0.000144s ]
INFO: [ app_begin ] --START--
INFO: Run Behavior\ReadHtmlCacheBehavior [ RunTime:0.000095s ]
INFO: [ app_begin ] --END-- [ RunTime:0.000194s ]
NOTIC: [8192] mysql_connect(): The mysql extension is deprecated and will be removed in the future: use mysqli or PDO instead /var/www/html/howmuch/ThinkPHP/Library/Think/Session/Driver/Db.class.php 第 95 行.
INFO: [ view_parse ] --START--
INFO: Run Behavior\ParseTemplateBehavior [ RunTime:0.000301s ]
INFO: [ view_parse ] --END-- [ RunTime:0.000502s ]
INFO: [ view_filter ] --START--
INFO: Run Behavior\WriteHtmlCacheBehavior [ RunTime:0.000110s ]
INFO: [ view_filter ] --END-- [ RunTime:0.000188s ]
INFO: [ app_end ] --START--
INFO: Run Behavior\ShowPageTraceBehavior [ RunTime:0.000113s ]
INFO: [ app_end ] --END-- [ RunTime:0.000204s ]

[ 2015-10-05T10:51:46+08:00 ] 127.0.0.1 /howmuch/index.php?s=/Home/Index/user.html&form=add
INFO: [ app_init ] --START--
INFO: Run Behavior\BuildLiteBehavior [ RunTime:0.000040s ]
INFO: [ app_init ] --END-- [ RunTime:0.000219s ]
INFO: [ app_begin ] --START--
INFO: Run Behavior\ReadHtmlCacheBehavior [ RunTime:0.000161s ]
INFO: [ app_begin ] --END-- [ RunTime:0.000274s ]
NOTIC: [8192] mysql_connect(): The mysql extension is deprecated and will be removed in the future: use mysqli or PDO instead /var/www/html/howmuch/ThinkPHP/Library/Think/Session/Driver/Db.class.php 第 95 行.
NOTIC: [8] Undefined index: addNum /var/www/html/howmuch/HowMuch/Common/Controller/Form.class.php 第 218 行.
NOTIC: [2] Invalid argument supplied for foreach() /var/www/html/howmuch/HowMuch/Common/Controller/Form.class.php 第 218 行.
NOTIC: [8] Undefined index: info /var/www/html/howmuch/HowMuch/Common/Controller/Form.class.php 第 325 行.

[ 2015-10-05T10:51:47+08:00 ] 127.0.0.1 /howmuch/index.php?s=/Home/Index/user/p/1.html
INFO: [ app_init ] --START--
INFO: Run Behavior\BuildLiteBehavior [ RunTime:0.000009s ]
INFO: [ app_init ] --END-- [ RunTime:0.000043s ]
INFO: [ app_begin ] --START--
INFO: Run Behavior\ReadHtmlCacheBehavior [ RunTime:0.000023s ]
INFO: [ app_begin ] --END-- [ RunTime:0.000046s ]
NOTIC: [8192] mysql_connect(): The mysql extension is deprecated and will be removed in the future: use mysqli or PDO instead /var/www/html/howmuch/ThinkPHP/Library/Think/Session/Driver/Db.class.php 第 95 行.
NOTIC: [8] Undefined index: sel /var/www/html/howmuch/HowMuch/Common/Controller/PageTool.class.php 第 265 行.
NOTIC: [8] Undefined index: default /var/www/html/howmuch/HowMuch/Common/Controller/PageTool.class.php 第 298 行.
NOTIC: [8] Undefined index: class /var/www/html/howmuch/HowMuch/Common/Controller/PageTool.class.php 第 356 行.

[ 2015-10-05T10:51:51+08:00 ] 127.0.0.1 /howmuch/index.php?s=/Home/Index/user.html&form=edit&where=%27id=4%27
INFO: [ app_init ] --START--
INFO: Run Behavior\BuildLiteBehavior [ RunTime:0.000025s ]
INFO: [ app_init ] --END-- [ RunTime:0.000136s ]
INFO: [ app_begin ] --START--
INFO: Run Behavior\ReadHtmlCacheBehavior [ RunTime:0.000098s ]
INFO: [ app_begin ] --END-- [ RunTime:0.000181s ]
NOTIC: [8192] mysql_connect(): The mysql extension is deprecated and will be removed in the future: use mysqli or PDO instead /var/www/html/howmuch/ThinkPHP/Library/Think/Session/Driver/Db.class.php 第 95 行.
INFO: [ view_parse ] --START--
INFO: [ template_filter ] --START--
INFO: Run Behavior\ContentReplaceBehavior [ RunTime:0.000038s ]
INFO: [ template_filter ] --END-- [ RunTime:0.000085s ]
INFO: Run Behavior\ParseTemplateBehavior [ RunTime:0.002165s ]
INFO: [ view_parse ] --END-- [ RunTime:0.002208s ]
INFO: [ view_filter ] --START--
INFO: Run Behavior\WriteHtmlCacheBehavior [ RunTime:0.000032s ]
INFO: [ view_filter ] --END-- [ RunTime:0.000054s ]
INFO: [ app_end ] --START--
INFO: Run Behavior\ShowPageTraceBehavior [ RunTime:0.000028s ]
INFO: [ app_end ] --END-- [ RunTime:0.000052s ]

[ 2015-10-05T10:51:53+08:00 ] 127.0.0.1 /howmuch/index.php?s=/Home/Index/user.html&form=edit&where=%27id=4%27
INFO: [ app_init ] --START--
INFO: Run Behavior\BuildLiteBehavior [ RunTime:0.000036s ]
INFO: [ app_init ] --END-- [ RunTime:0.000183s ]
INFO: [ app_begin ] --START--
INFO: Run Behavior\ReadHtmlCacheBehavior [ RunTime:0.000126s ]
INFO: [ app_begin ] --END-- [ RunTime:0.000263s ]
NOTIC: [8192] mysql_connect(): The mysql extension is deprecated and will be removed in the future: use mysqli or PDO instead /var/www/html/howmuch/ThinkPHP/Library/Think/Session/Driver/Db.class.php 第 95 行.

[ 2015-10-05T10:51:57+08:00 ] 127.0.0.1 /howmuch/index.php?s=/Home/Index/user.html&form=edit&where=%27id=4%27
INFO: [ app_init ] --START--
INFO: Run Behavior\BuildLiteBehavior [ RunTime:0.000037s ]
INFO: [ app_init ] --END-- [ RunTime:0.000193s ]
INFO: [ app_begin ] --START--
INFO: Run Behavior\ReadHtmlCacheBehavior [ RunTime:0.000110s ]
INFO: [ app_begin ] --END-- [ RunTime:0.000220s ]
NOTIC: [8192] mysql_connect(): The mysql extension is deprecated and will be removed in the future: use mysqli or PDO instead /var/www/html/howmuch/ThinkPHP/Library/Think/Session/Driver/Db.class.php 第 95 行.

[ 2015-10-05T11:02:14+08:00 ] 127.0.0.1 /howmuch/index.php?s=/Home/Index/goods.html
INFO: [ app_init ] --START--
INFO: Run Behavior\BuildLiteBehavior [ RunTime:0.000016s ]
INFO: [ app_init ] --END-- [ RunTime:0.000075s ]
INFO: [ app_begin ] --START--
INFO: Run Behavior\ReadHtmlCacheBehavior [ RunTime:0.000050s ]
INFO: [ app_begin ] --END-- [ RunTime:0.000093s ]
NOTIC: [8192] mysql_connect(): The mysql extension is deprecated and will be removed in the future: use mysqli or PDO instead /var/www/html/howmuch/ThinkPHP/Library/Think/Session/Driver/Db.class.php 第 95 行.
NOTIC: [8] Undefined index: sel /var/www/html/howmuch/HowMuch/Common/Controller/PageTool.class.php 第 265 行.
NOTIC: [8] Undefined index: default /var/www/html/howmuch/HowMuch/Common/Controller/PageTool.class.php 第 298 行.
NOTIC: [8] Undefined index: class /var/www/html/howmuch/HowMuch/Common/Controller/PageTool.class.php 第 356 行.
INFO: [ view_parse ] --START--
INFO: [ template_filter ] --START--
INFO: Run Behavior\ContentReplaceBehavior [ RunTime:0.000036s ]
INFO: [ template_filter ] --END-- [ RunTime:0.000094s ]
INFO: Run Behavior\ParseTemplateBehavior [ RunTime:0.002569s ]
INFO: [ view_parse ] --END-- [ RunTime:0.002617s ]
INFO: [ view_filter ] --START--
INFO: Run Behavior\WriteHtmlCacheBehavior [ RunTime:0.000041s ]
INFO: [ view_filter ] --END-- [ RunTime:0.000064s ]
INFO: [ app_end ] --START--
INFO: Run Behavior\ShowPageTraceBehavior [ RunTime:0.000027s ]
INFO: [ app_end ] --END-- [ RunTime:0.000056s ]

[ 2015-10-05T11:02:15+08:00 ] 127.0.0.1 /howmuch/index.php?s=/Home/Index/goods.html&form=add
INFO: [ app_init ] --START--
INFO: Run Behavior\BuildLiteBehavior [ RunTime:0.000023s ]
INFO: [ app_init ] --END-- [ RunTime:0.000111s ]
INFO: [ app_begin ] --START--
INFO: Run Behavior\ReadHtmlCacheBehavior [ RunTime:0.000090s ]
INFO: [ app_begin ] --END-- [ RunTime:0.000173s ]
NOTIC: [8192] mysql_connect(): The mysql extension is deprecated and will be removed in the future: use mysqli or PDO instead /var/www/html/howmuch/ThinkPHP/Library/Think/Session/Driver/Db.class.php 第 95 行.
INFO: [ view_parse ] --START--
INFO: [ template_filter ] --START--
INFO: Run Behavior\ContentReplaceBehavior [ RunTime:0.000065s ]
INFO: [ template_filter ] --END-- [ RunTime:0.000145s ]
INFO: Run Behavior\ParseTemplateBehavior [ RunTime:0.001738s ]
INFO: [ view_parse ] --END-- [ RunTime:0.001805s ]
INFO: [ view_filter ] --START--
INFO: Run Behavior\WriteHtmlCacheBehavior [ RunTime:0.000031s ]
INFO: [ view_filter ] --END-- [ RunTime:0.000052s ]
INFO: [ app_end ] --START--
INFO: Run Behavior\ShowPageTraceBehavior [ RunTime:0.000024s ]
INFO: [ app_end ] --END-- [ RunTime:0.000045s ]

[ 2015-10-05T11:51:41+08:00 ] 127.0.0.1 /howmuch/index.php?s=/Home/Index/index.html
INFO: [ app_init ] --START--
INFO: Run Behavior\BuildLiteBehavior [ RunTime:0.000031s ]
INFO: [ app_init ] --END-- [ RunTime:0.000172s ]
INFO: [ app_begin ] --START--
INFO: Run Behavior\ReadHtmlCacheBehavior [ RunTime:0.000120s ]
INFO: [ app_begin ] --END-- [ RunTime:0.000218s ]
NOTIC: [8192] mysql_connect(): The mysql extension is deprecated and will be removed in the future: use mysqli or PDO instead /var/www/html/howmuch/ThinkPHP/Library/Think/Session/Driver/Db.class.php 第 95 行.
INFO: [ view_parse ] --START--
INFO: [ template_filter ] --START--
INFO: Run Behavior\ContentReplaceBehavior [ RunTime:0.000112s ]
INFO: [ template_filter ] --END-- [ RunTime:0.000180s ]
INFO: Run Behavior\ParseTemplateBehavior [ RunTime:0.006605s ]
INFO: [ view_parse ] --END-- [ RunTime:0.006682s ]
INFO: [ view_filter ] --START--
INFO: Run Behavior\WriteHtmlCacheBehavior [ RunTime:0.000061s ]
INFO: [ view_filter ] --END-- [ RunTime:0.000103s ]
INFO: [ app_end ] --START--
INFO: Run Behavior\ShowPageTraceBehavior [ RunTime:0.000050s ]
INFO: [ app_end ] --END-- [ RunTime:0.000093s ]

[ 2015-10-05T11:51:44+08:00 ] 127.0.0.1 /howmuch/index.php?s=/Home/Index/add.html
INFO: [ app_init ] --START--
INFO: Run Behavior\BuildLiteBehavior [ RunTime:0.000045s ]
INFO: [ app_init ] --END-- [ RunTime:0.000230s ]
INFO: [ app_begin ] --START--
INFO: Run Behavior\ReadHtmlCacheBehavior [ RunTime:0.000162s ]
INFO: [ app_begin ] --END-- [ RunTime:0.000364s ]
NOTIC: [8192] mysql_connect(): The mysql extension is deprecated and will be removed in the future: use mysqli or PDO instead /var/www/html/howmuch/ThinkPHP/Library/Think/Session/Driver/Db.class.php 第 95 行.
INFO: [ view_parse ] --START--
INFO: [ template_filter ] --START--
INFO: Run Behavior\ContentReplaceBehavior [ RunTime:0.000041s ]
INFO: [ template_filter ] --END-- [ RunTime:0.000099s ]
INFO: Run Behavior\ParseTemplateBehavior [ RunTime:0.001906s ]
INFO: [ view_parse ] --END-- [ RunTime:0.002004s ]
INFO: [ view_filter ] --START--
INFO: Run Behavior\WriteHtmlCacheBehavior [ RunTime:0.000052s ]
INFO: [ view_filter ] --END-- [ RunTime:0.000086s ]
INFO: [ app_end ] --START--
INFO: Run Behavior\ShowPageTraceBehavior [ RunTime:0.000042s ]
INFO: [ app_end ] --END-- [ RunTime:0.000079s ]

[ 2015-10-05T11:51:57+08:00 ] 127.0.0.1 /howmuch/index.php?s=/Home/Index/add_handle.html
INFO: [ app_init ] --START--
INFO: Run Behavior\BuildLiteBehavior [ RunTime:0.000039s ]
INFO: [ app_init ] --END-- [ RunTime:0.000235s ]
INFO: [ app_begin ] --START--
INFO: Run Behavior\ReadHtmlCacheBehavior [ RunTime:0.000124s ]
INFO: [ app_begin ] --END-- [ RunTime:0.000218s ]
NOTIC: [8192] mysql_connect(): The mysql extension is deprecated and will be removed in the future: use mysqli or PDO instead /var/www/html/howmuch/ThinkPHP/Library/Think/Session/Driver/Db.class.php 第 95 行.
NOTIC: [8] Undefined index: comment /var/www/html/howmuch/HowMuch/Home/Controller/IndexController.class.php 第 51 行.

[ 2015-10-05T11:51:59+08:00 ] 127.0.0.1 /howmuch/index.php?s=/Home/Index/add.html
INFO: [ app_init ] --START--
INFO: Run Behavior\BuildLiteBehavior [ RunTime:0.000027s ]
INFO: [ app_init ] --END-- [ RunTime:0.000143s ]
INFO: [ app_begin ] --START--
INFO: Run Behavior\ReadHtmlCacheBehavior [ RunTime:0.000086s ]
INFO: [ app_begin ] --END-- [ RunTime:0.000173s ]
NOTIC: [8192] mysql_connect(): The mysql extension is deprecated and will be removed in the future: use mysqli or PDO instead /var/www/html/howmuch/ThinkPHP/Library/Think/Session/Driver/Db.class.php 第 95 行.
INFO: [ view_parse ] --START--
INFO: Run Behavior\ParseTemplateBehavior [ RunTime:0.000380s ]
INFO: [ view_parse ] --END-- [ RunTime:0.000449s ]
INFO: [ view_filter ] --START--
INFO: Run Behavior\WriteHtmlCacheBehavior [ RunTime:0.000092s ]
INFO: [ view_filter ] --END-- [ RunTime:0.000143s ]
INFO: [ app_end ] --START--
INFO: Run Behavior\ShowPageTraceBehavior [ RunTime:0.000047s ]
INFO: [ app_end ] --END-- [ RunTime:0.000120s ]

[ 2015-10-05T11:52:03+08:00 ] 127.0.0.1 /howmuch/index.php?s=/Home/Index/index.html
INFO: [ app_init ] --START--
INFO: Run Behavior\BuildLiteBehavior [ RunTime:0.000038s ]
INFO: [ app_init ] --END-- [ RunTime:0.000187s ]
INFO: [ app_begin ] --START--
INFO: Run Behavior\ReadHtmlCacheBehavior [ RunTime:0.000080s ]
INFO: [ app_begin ] --END-- [ RunTime:0.000157s ]
NOTIC: [8192] mysql_connect(): The mysql extension is deprecated and will be removed in the future: use mysqli or PDO instead /var/www/html/howmuch/ThinkPHP/Library/Think/Session/Driver/Db.class.php 第 95 行.
INFO: [ view_parse ] --START--
INFO: [ template_filter ] --START--
INFO: Run Behavior\ContentReplaceBehavior [ RunTime:0.000242s ]
INFO: [ template_filter ] --END-- [ RunTime:0.000370s ]
INFO: Run Behavior\ParseTemplateBehavior [ RunTime:0.007575s ]
INFO: [ view_parse ] --END-- [ RunTime:0.007679s ]
INFO: [ view_filter ] --START--
INFO: Run Behavior\WriteHtmlCacheBehavior [ RunTime:0.000080s ]
INFO: [ view_filter ] --END-- [ RunTime:0.000145s ]
INFO: [ app_end ] --START--
INFO: Run Behavior\ShowPageTraceBehavior [ RunTime:0.000077s ]
INFO: [ app_end ] --END-- [ RunTime:0.000148s ]

[ 2015-10-05T11:52:23+08:00 ] 127.0.0.1 /howmuch/index.php?s=/Home/Index/detail.html&id=1
INFO: [ app_init ] --START--
INFO: Run Behavior\BuildLiteBehavior [ RunTime:0.000040s ]
INFO: [ app_init ] --END-- [ RunTime:0.000281s ]
INFO: [ app_begin ] --START--
INFO: Run Behavior\ReadHtmlCacheBehavior [ RunTime:0.000092s ]
INFO: [ app_begin ] --END-- [ RunTime:0.000168s ]
NOTIC: [8192] mysql_connect(): The mysql extension is deprecated and will be removed in the future: use mysqli or PDO instead /var/www/html/howmuch/ThinkPHP/Library/Think/Session/Driver/Db.class.php 第 95 行.
INFO: [ view_parse ] --START--
INFO: [ template_filter ] --START--
INFO: Run Behavior\ContentReplaceBehavior [ RunTime:0.000095s ]
INFO: [ template_filter ] --END-- [ RunTime:0.000175s ]
INFO: Run Behavior\ParseTemplateBehavior [ RunTime:0.004680s ]
INFO: [ view_parse ] --END-- [ RunTime:0.004750s ]
INFO: [ view_filter ] --START--
INFO: Run Behavior\WriteHtmlCacheBehavior [ RunTime:0.000057s ]
INFO: [ view_filter ] --END-- [ RunTime:0.000091s ]
INFO: [ app_end ] --START--
INFO: Run Behavior\ShowPageTraceBehavior [ RunTime:0.000043s ]
INFO: [ app_end ] --END-- [ RunTime:0.000079s ]

[ 2015-10-05T11:52:28+08:00 ] 127.0.0.1 /howmuch/index.php?s=/Home/Index/index.html
INFO: [ app_init ] --START--
INFO: Run Behavior\BuildLiteBehavior [ RunTime:0.000026s ]
INFO: [ app_init ] --END-- [ RunTime:0.000123s ]
INFO: [ app_begin ] --START--
INFO: Run Behavior\ReadHtmlCacheBehavior [ RunTime:0.000077s ]
INFO: [ app_begin ] --END-- [ RunTime:0.000150s ]
NOTIC: [8192] mysql_connect(): The mysql extension is deprecated and will be removed in the future: use mysqli or PDO instead /var/www/html/howmuch/ThinkPHP/Library/Think/Session/Driver/Db.class.php 第 95 行.
INFO: [ view_parse ] --START--
INFO: [ template_filter ] --START--
INFO: Run Behavior\ContentReplaceBehavior [ RunTime:0.000120s ]
INFO: [ template_filter ] --END-- [ RunTime:0.000193s ]
INFO: Run Behavior\ParseTemplateBehavior [ RunTime:0.005972s ]
INFO: [ view_parse ] --END-- [ RunTime:0.006079s ]
INFO: [ view_filter ] --START--
INFO: Run Behavior\WriteHtmlCacheBehavior [ RunTime:0.000055s ]
INFO: [ view_filter ] --END-- [ RunTime:0.000099s ]
INFO: [ app_end ] --START--
INFO: Run Behavior\ShowPageTraceBehavior [ RunTime:0.000054s ]
INFO: [ app_end ] --END-- [ RunTime:0.000103s ]

[ 2015-10-05T11:52:30+08:00 ] 127.0.0.1 /howmuch/index.php?s=/Home/Index/index.html
INFO: [ app_init ] --START--
INFO: Run Behavior\BuildLiteBehavior [ RunTime:0.000024s ]
INFO: [ app_init ] --END-- [ RunTime:0.000114s ]
INFO: [ app_begin ] --START--
INFO: Run Behavior\ReadHtmlCacheBehavior [ RunTime:0.000067s ]
INFO: [ app_begin ] --END-- [ RunTime:0.000139s ]
NOTIC: [8192] mysql_connect(): The mysql extension is deprecated and will be removed in the future: use mysqli or PDO instead /var/www/html/howmuch/ThinkPHP/Library/Think/Session/Driver/Db.class.php 第 95 行.
INFO: [ view_parse ] --START--
INFO: [ template_filter ] --START--
INFO: Run Behavior\ContentReplaceBehavior [ RunTime:0.000151s ]
INFO: [ template_filter ] --END-- [ RunTime:0.000247s ]
INFO: Run Behavior\ParseTemplateBehavior [ RunTime:0.006348s ]
INFO: [ view_parse ] --END-- [ RunTime:0.006433s ]
INFO: [ view_filter ] --START--
INFO: Run Behavior\WriteHtmlCacheBehavior [ RunTime:0.000065s ]
INFO: [ view_filter ] --END-- [ RunTime:0.000119s ]
INFO: [ app_end ] --START--
INFO: Run Behavior\ShowPageTraceBehavior [ RunTime:0.000061s ]
INFO: [ app_end ] --END-- [ RunTime:0.000122s ]

[ 2015-10-05T11:52:34+08:00 ] 127.0.0.1 /howmuch/index.php?s=/Home/Index/detail.html&id=1
INFO: [ app_init ] --START--
INFO: Run Behavior\BuildLiteBehavior [ RunTime:0.000037s ]
INFO: [ app_init ] --END-- [ RunTime:0.000212s ]
INFO: [ app_begin ] --START--
INFO: Run Behavior\ReadHtmlCacheBehavior [ RunTime:0.000119s ]
INFO: [ app_begin ] --END-- [ RunTime:0.000250s ]
NOTIC: [8192] mysql_connect(): The mysql extension is deprecated and will be removed in the future: use mysqli or PDO instead /var/www/html/howmuch/ThinkPHP/Library/Think/Session/Driver/Db.class.php 第 95 行.
INFO: [ view_parse ] --START--
INFO: [ template_filter ] --START--
INFO: Run Behavior\ContentReplaceBehavior [ RunTime:0.000069s ]
INFO: [ template_filter ] --END-- [ RunTime:0.000127s ]
INFO: Run Behavior\ParseTemplateBehavior [ RunTime:0.005055s ]
INFO: [ view_parse ] --END-- [ RunTime:0.005162s ]
INFO: [ view_filter ] --START--
INFO: Run Behavior\WriteHtmlCacheBehavior [ RunTime:0.000110s ]
INFO: [ view_filter ] --END-- [ RunTime:0.000178s ]
INFO: [ app_end ] --START--
INFO: Run Behavior\ShowPageTraceBehavior [ RunTime:0.000061s ]
INFO: [ app_end ] --END-- [ RunTime:0.000116s ]

[ 2015-10-05T11:52:36+08:00 ] 127.0.0.1 /howmuch/index.php?s=/Home/Index/index.html
INFO: [ app_init ] --START--
INFO: Run Behavior\BuildLiteBehavior [ RunTime:0.000023s ]
INFO: [ app_init ] --END-- [ RunTime:0.000112s ]
INFO: [ app_begin ] --START--
INFO: Run Behavior\ReadHtmlCacheBehavior [ RunTime:0.000061s ]
INFO: [ app_begin ] --END-- [ RunTime:0.000127s ]
NOTIC: [8192] mysql_connect(): The mysql extension is deprecated and will be removed in the future: use mysqli or PDO instead /var/www/html/howmuch/ThinkPHP/Library/Think/Session/Driver/Db.class.php 第 95 行.
INFO: [ view_parse ] --START--
INFO: [ template_filter ] --START--
INFO: Run Behavior\ContentReplaceBehavior [ RunTime:0.000079s ]
INFO: [ template_filter ] --END-- [ RunTime:0.000147s ]
INFO: Run Behavior\ParseTemplateBehavior [ RunTime:0.005652s ]
INFO: [ view_parse ] --END-- [ RunTime:0.005742s ]
INFO: [ view_filter ] --START--
INFO: Run Behavior\WriteHtmlCacheBehavior [ RunTime:0.000052s ]
INFO: [ view_filter ] --END-- [ RunTime:0.000093s ]
INFO: [ app_end ] --START--
INFO: Run Behavior\ShowPageTraceBehavior [ RunTime:0.000046s ]
INFO: [ app_end ] --END-- [ RunTime:0.000090s ]

[ 2015-10-05T11:53:20+08:00 ] 127.0.0.1 /howmuch/index.php?s=/Home/Index/index.html
INFO: [ app_init ] --START--
INFO: Run Behavior\BuildLiteBehavior [ RunTime:0.000028s ]
INFO: [ app_init ] --END-- [ RunTime:0.000130s ]
INFO: [ app_begin ] --START--
INFO: Run Behavior\ReadHtmlCacheBehavior [ RunTime:0.000088s ]
INFO: [ app_begin ] --END-- [ RunTime:0.000172s ]
NOTIC: [8192] mysql_connect(): The mysql extension is deprecated and will be removed in the future: use mysqli or PDO instead /var/www/html/howmuch/ThinkPHP/Library/Think/Session/Driver/Db.class.php 第 95 行.
INFO: [ view_parse ] --START--
INFO: [ template_filter ] --START--
INFO: Run Behavior\ContentReplaceBehavior [ RunTime:0.000160s ]
INFO: [ template_filter ] --END-- [ RunTime:0.000265s ]
INFO: Run Behavior\ParseTemplateBehavior [ RunTime:0.007446s ]
INFO: [ view_parse ] --END-- [ RunTime:0.007563s ]
INFO: [ view_filter ] --START--
INFO: Run Behavior\WriteHtmlCacheBehavior [ RunTime:0.000083s ]
INFO: [ view_filter ] --END-- [ RunTime:0.000142s ]
INFO: [ app_end ] --START--
INFO: Run Behavior\ShowPageTraceBehavior [ RunTime:0.000086s ]
INFO: [ app_end ] --END-- [ RunTime:0.000187s ]

[ 2015-10-05T11:53:22+08:00 ] 127.0.0.1 /howmuch/index.php?s=/Home/Index/detail.html&id=1
INFO: [ app_init ] --START--
INFO: Run Behavior\BuildLiteBehavior [ RunTime:0.000045s ]
INFO: [ app_init ] --END-- [ RunTime:0.000227s ]
INFO: [ app_begin ] --START--
INFO: Run Behavior\ReadHtmlCacheBehavior [ RunTime:0.000099s ]
INFO: [ app_begin ] --END-- [ RunTime:0.000206s ]
NOTIC: [8192] mysql_connect(): The mysql extension is deprecated and will be removed in the future: use mysqli or PDO instead /var/www/html/howmuch/ThinkPHP/Library/Think/Session/Driver/Db.class.php 第 95 行.
INFO: [ view_parse ] --START--
INFO: [ template_filter ] --START--
INFO: Run Behavior\ContentReplaceBehavior [ RunTime:0.000154s ]
INFO: [ template_filter ] --END-- [ RunTime:0.000290s ]
INFO: Run Behavior\ParseTemplateBehavior [ RunTime:0.004700s ]
INFO: [ view_parse ] --END-- [ RunTime:0.004794s ]
INFO: [ view_filter ] --START--
INFO: Run Behavior\WriteHtmlCacheBehavior [ RunTime:0.000060s ]
INFO: [ view_filter ] --END-- [ RunTime:0.000113s ]
INFO: [ app_end ] --START--
INFO: Run Behavior\ShowPageTraceBehavior [ RunTime:0.000053s ]
INFO: [ app_end ] --END-- [ RunTime:0.000109s ]

[ 2015-10-05T11:53:41+08:00 ] 127.0.0.1 /howmuch/index.php?s=/Home/Index/index.html
INFO: [ app_init ] --START--
INFO: Run Behavior\BuildLiteBehavior [ RunTime:0.000030s ]
INFO: [ app_init ] --END-- [ RunTime:0.000149s ]
INFO: [ app_begin ] --START--
INFO: Run Behavior\ReadHtmlCacheBehavior [ RunTime:0.000094s ]
INFO: [ app_begin ] --END-- [ RunTime:0.000197s ]
NOTIC: [8192] mysql_connect(): The mysql extension is deprecated and will be removed in the future: use mysqli or PDO instead /var/www/html/howmuch/ThinkPHP/Library/Think/Session/Driver/Db.class.php 第 95 行.
INFO: [ view_parse ] --START--
INFO: [ template_filter ] --START--
INFO: Run Behavior\ContentReplaceBehavior [ RunTime:0.000209s ]
INFO: [ template_filter ] --END-- [ RunTime:0.000308s ]
INFO: Run Behavior\ParseTemplateBehavior [ RunTime:0.004703s ]
INFO: [ view_parse ] --END-- [ RunTime:0.004778s ]
INFO: [ view_filter ] --START--
INFO: Run Behavior\WriteHtmlCacheBehavior [ RunTime:0.000060s ]
INFO: [ view_filter ] --END-- [ RunTime:0.000107s ]
INFO: [ app_end ] --START--
INFO: Run Behavior\ShowPageTraceBehavior [ RunTime:0.000058s ]
INFO: [ app_end ] --END-- [ RunTime:0.000109s ]

[ 2015-10-05T11:54:56+08:00 ] 127.0.0.1 /howmuch/index.php?s=/Home/Index/detail.html&id=1
INFO: [ app_init ] --START--
INFO: Run Behavior\BuildLiteBehavior [ RunTime:0.000020s ]
INFO: [ app_init ] --END-- [ RunTime:0.000106s ]
INFO: [ app_begin ] --START--
INFO: Run Behavior\ReadHtmlCacheBehavior [ RunTime:0.000100s ]
INFO: [ app_begin ] --END-- [ RunTime:0.000167s ]
NOTIC: [8192] mysql_connect(): The mysql extension is deprecated and will be removed in the future: use mysqli or PDO instead /var/www/html/howmuch/ThinkPHP/Library/Think/Session/Driver/Db.class.php 第 95 行.
INFO: [ view_parse ] --START--
INFO: [ template_filter ] --START--
INFO: Run Behavior\ContentReplaceBehavior [ RunTime:0.000108s ]
INFO: [ template_filter ] --END-- [ RunTime:0.000174s ]
INFO: Run Behavior\ParseTemplateBehavior [ RunTime:0.005108s ]
INFO: [ view_parse ] --END-- [ RunTime:0.005171s ]
INFO: [ view_filter ] --START--
INFO: Run Behavior\WriteHtmlCacheBehavior [ RunTime:0.000057s ]
INFO: [ view_filter ] --END-- [ RunTime:0.000140s ]
INFO: [ app_end ] --START--
INFO: Run Behavior\ShowPageTraceBehavior [ RunTime:0.000053s ]
INFO: [ app_end ] --END-- [ RunTime:0.000095s ]

[ 2015-10-05T11:55:23+08:00 ] 127.0.0.1 /howmuch/index.php?s=/Home/Index/index.html
INFO: [ app_init ] --START--
INFO: Run Behavior\BuildLiteBehavior [ RunTime:0.000026s ]
INFO: [ app_init ] --END-- [ RunTime:0.000150s ]
INFO: [ app_begin ] --START--
INFO: Run Behavior\ReadHtmlCacheBehavior [ RunTime:0.000082s ]
INFO: [ app_begin ] --END-- [ RunTime:0.000150s ]
NOTIC: [8192] mysql_connect(): The mysql extension is deprecated and will be removed in the future: use mysqli or PDO instead /var/www/html/howmuch/ThinkPHP/Library/Think/Session/Driver/Db.class.php 第 95 行.
INFO: [ view_parse ] --START--
INFO: [ template_filter ] --START--
INFO: Run Behavior\ContentReplaceBehavior [ RunTime:0.000117s ]
INFO: [ template_filter ] --END-- [ RunTime:0.000184s ]
INFO: Run Behavior\ParseTemplateBehavior [ RunTime:0.005682s ]
INFO: [ view_parse ] --END-- [ RunTime:0.005750s ]
INFO: [ view_filter ] --START--
INFO: Run Behavior\WriteHtmlCacheBehavior [ RunTime:0.000063s ]
INFO: [ view_filter ] --END-- [ RunTime:0.000106s ]
INFO: [ app_end ] --START--
INFO: Run Behavior\ShowPageTraceBehavior [ RunTime:0.000096s ]
INFO: [ app_end ] --END-- [ RunTime:0.000172s ]

[ 2015-10-05T11:55:33+08:00 ] 127.0.0.1 /howmuch/index.php?s=/Home/Index/detail.html&id=1
INFO: [ app_init ] --START--
INFO: Run Behavior\BuildLiteBehavior [ RunTime:0.000032s ]
INFO: [ app_init ] --END-- [ RunTime:0.000161s ]
INFO: [ app_begin ] --START--
INFO: Run Behavior\ReadHtmlCacheBehavior [ RunTime:0.000063s ]
INFO: [ app_begin ] --END-- [ RunTime:0.000101s ]
NOTIC: [8192] mysql_connect(): The mysql extension is deprecated and will be removed in the future: use mysqli or PDO instead /var/www/html/howmuch/ThinkPHP/Library/Think/Session/Driver/Db.class.php 第 95 行.
INFO: [ view_parse ] --START--
INFO: [ template_filter ] --START--
INFO: Run Behavior\ContentReplaceBehavior [ RunTime:0.000120s ]
INFO: [ template_filter ] --END-- [ RunTime:0.000209s ]
INFO: Run Behavior\ParseTemplateBehavior [ RunTime:0.006864s ]
INFO: [ view_parse ] --END-- [ RunTime:0.006975s ]
INFO: [ view_filter ] --START--
INFO: Run Behavior\WriteHtmlCacheBehavior [ RunTime:0.000066s ]
INFO: [ view_filter ] --END-- [ RunTime:0.000101s ]
INFO: [ app_end ] --START--
INFO: Run Behavior\ShowPageTraceBehavior [ RunTime:0.000041s ]
INFO: [ app_end ] --END-- [ RunTime:0.000075s ]

[ 2015-10-05T11:56:00+08:00 ] 127.0.0.1 /howmuch/index.php?s=/Home/Index/detail.html&id=1
INFO: [ app_init ] --START--
INFO: Run Behavior\BuildLiteBehavior [ RunTime:0.000026s ]
INFO: [ app_init ] --END-- [ RunTime:0.000127s ]
INFO: [ app_begin ] --START--
INFO: Run Behavior\ReadHtmlCacheBehavior [ RunTime:0.000088s ]
INFO: [ app_begin ] --END-- [ RunTime:0.000169s ]
NOTIC: [8192] mysql_connect(): The mysql extension is deprecated and will be removed in the future: use mysqli or PDO instead /var/www/html/howmuch/ThinkPHP/Library/Think/Session/Driver/Db.class.php 第 95 行.
INFO: [ view_parse ] --START--
INFO: [ template_filter ] --START--
INFO: Run Behavior\ContentReplaceBehavior [ RunTime:0.000168s ]
INFO: [ template_filter ] --END-- [ RunTime:0.000274s ]
INFO: Run Behavior\ParseTemplateBehavior [ RunTime:0.007188s ]
INFO: [ view_parse ] --END-- [ RunTime:0.007309s ]
INFO: [ view_filter ] --START--
INFO: Run Behavior\WriteHtmlCacheBehavior [ RunTime:0.000090s ]
INFO: [ view_filter ] --END-- [ RunTime:0.000152s ]
INFO: [ app_end ] --START--
INFO: Run Behavior\ShowPageTraceBehavior [ RunTime:0.000071s ]
INFO: [ app_end ] --END-- [ RunTime:0.000131s ]

[ 2015-10-05T11:56:01+08:00 ] 127.0.0.1 /howmuch/index.php?s=/Home/Index/detail.html&id=1
INFO: [ app_init ] --START--
INFO: Run Behavior\BuildLiteBehavior [ RunTime:0.000029s ]
INFO: [ app_init ] --END-- [ RunTime:0.000146s ]
INFO: [ app_begin ] --START--
INFO: Run Behavior\ReadHtmlCacheBehavior [ RunTime:0.000090s ]
INFO: [ app_begin ] --END-- [ RunTime:0.000188s ]
NOTIC: [8192] mysql_connect(): The mysql extension is deprecated and will be removed in the future: use mysqli or PDO instead /var/www/html/howmuch/ThinkPHP/Library/Think/Session/Driver/Db.class.php 第 95 行.
INFO: [ view_parse ] --START--
INFO: [ template_filter ] --START--
INFO: Run Behavior\ContentReplaceBehavior [ RunTime:0.000178s ]
INFO: [ template_filter ] --END-- [ RunTime:0.000301s ]
INFO: Run Behavior\ParseTemplateBehavior [ RunTime:0.007157s ]
INFO: [ view_parse ] --END-- [ RunTime:0.007257s ]
INFO: [ view_filter ] --START--
INFO: Run Behavior\WriteHtmlCacheBehavior [ RunTime:0.000099s ]
INFO: [ view_filter ] --END-- [ RunTime:0.000140s ]
INFO: [ app_end ] --START--
INFO: Run Behavior\ShowPageTraceBehavior [ RunTime:0.000040s ]
INFO: [ app_end ] --END-- [ RunTime:0.000074s ]

[ 2015-10-05T11:56:01+08:00 ] 127.0.0.1 /howmuch/index.php?s=/Home/Index/detail.html&id=1
INFO: [ app_init ] --START--
INFO: Run Behavior\BuildLiteBehavior [ RunTime:0.000015s ]
INFO: [ app_init ] --END-- [ RunTime:0.000074s ]
INFO: [ app_begin ] --START--
INFO: Run Behavior\ReadHtmlCacheBehavior [ RunTime:0.000052s ]
INFO: [ app_begin ] --END-- [ RunTime:0.000100s ]
NOTIC: [8192] mysql_connect(): The mysql extension is deprecated and will be removed in the future: use mysqli or PDO instead /var/www/html/howmuch/ThinkPHP/Library/Think/Session/Driver/Db.class.php 第 95 行.
INFO: [ view_parse ] --START--
INFO: [ template_filter ] --START--
INFO: Run Behavior\ContentReplaceBehavior [ RunTime:0.000085s ]
INFO: [ template_filter ] --END-- [ RunTime:0.000147s ]
INFO: Run Behavior\ParseTemplateBehavior [ RunTime:0.003498s ]
INFO: [ view_parse ] --END-- [ RunTime:0.003553s ]
INFO: [ view_filter ] --START--
INFO: Run Behavior\WriteHtmlCacheBehavior [ RunTime:0.000053s ]
INFO: [ view_filter ] --END-- [ RunTime:0.000090s ]
INFO: [ app_end ] --START--
INFO: Run Behavior\ShowPageTraceBehavior [ RunTime:0.000037s ]
INFO: [ app_end ] --END-- [ RunTime:0.000089s ]

[ 2015-10-05T12:00:09+08:00 ] 127.0.0.1 /howmuch/index.php?s=/Home/Index/detail.html&id=1
INFO: [ app_init ] --START--
INFO: Run Behavior\BuildLiteBehavior [ RunTime:0.000041s ]
INFO: [ app_init ] --END-- [ RunTime:0.000203s ]
INFO: [ app_begin ] --START--
INFO: Run Behavior\ReadHtmlCacheBehavior [ RunTime:0.000146s ]
INFO: [ app_begin ] --END-- [ RunTime:0.000285s ]
NOTIC: [8192] mysql_connect(): The mysql extension is deprecated and will be removed in the future: use mysqli or PDO instead /var/www/html/howmuch/ThinkPHP/Library/Think/Session/Driver/Db.class.php 第 95 行.
INFO: [ view_parse ] --START--
INFO: [ template_filter ] --START--
INFO: Run Behavior\ContentReplaceBehavior [ RunTime:0.000250s ]
INFO: [ template_filter ] --END-- [ RunTime:0.000420s ]
INFO: Run Behavior\ParseTemplateBehavior [ RunTime:0.009748s ]
INFO: [ view_parse ] --END-- [ RunTime:0.009923s ]
INFO: [ view_filter ] --START--
INFO: Run Behavior\WriteHtmlCacheBehavior [ RunTime:0.000101s ]
INFO: [ view_filter ] --END-- [ RunTime:0.000133s ]
INFO: [ app_end ] --START--
INFO: Run Behavior\ShowPageTraceBehavior [ RunTime:0.000064s ]
INFO: [ app_end ] --END-- [ RunTime:0.000109s ]

[ 2015-10-05T12:00:09+08:00 ] 127.0.0.1 /howmuch/index.php?s=/Home/Index/detail.html&id=1
INFO: [ app_init ] --START--
INFO: Run Behavior\BuildLiteBehavior [ RunTime:0.000043s ]
INFO: [ app_init ] --END-- [ RunTime:0.000213s ]
INFO: [ app_begin ] --START--
INFO: Run Behavior\ReadHtmlCacheBehavior [ RunTime:0.000068s ]
INFO: [ app_begin ] --END-- [ RunTime:0.000126s ]
NOTIC: [8192] mysql_connect(): The mysql extension is deprecated and will be removed in the future: use mysqli or PDO instead /var/www/html/howmuch/ThinkPHP/Library/Think/Session/Driver/Db.class.php 第 95 行.
INFO: [ view_parse ] --START--
INFO: [ template_filter ] --START--
INFO: Run Behavior\ContentReplaceBehavior [ RunTime:0.000093s ]
INFO: [ template_filter ] --END-- [ RunTime:0.000158s ]
INFO: Run Behavior\ParseTemplateBehavior [ RunTime:0.003810s ]
INFO: [ view_parse ] --END-- [ RunTime:0.003854s ]
INFO: [ view_filter ] --START--
INFO: Run Behavior\WriteHtmlCacheBehavior [ RunTime:0.000054s ]
INFO: [ view_filter ] --END-- [ RunTime:0.000086s ]
INFO: [ app_end ] --START--
INFO: Run Behavior\ShowPageTraceBehavior [ RunTime:0.000060s ]
INFO: [ app_end ] --END-- [ RunTime:0.000107s ]

[ 2015-10-05T12:00:10+08:00 ] 127.0.0.1 /howmuch/index.php?s=/Home/Index/add_detail.html
INFO: [ app_init ] --START--
INFO: Run Behavior\BuildLiteBehavior [ RunTime:0.000022s ]
INFO: [ app_init ] --END-- [ RunTime:0.000103s ]
INFO: [ app_begin ] --START--
INFO: Run Behavior\ReadHtmlCacheBehavior [ RunTime:0.000091s ]
INFO: [ app_begin ] --END-- [ RunTime:0.000163s ]
NOTIC: [8192] mysql_connect(): The mysql extension is deprecated and will be removed in the future: use mysqli or PDO instead /var/www/html/howmuch/ThinkPHP/Library/Think/Session/Driver/Db.class.php 第 95 行.
INFO: [ view_parse ] --START--
INFO: Run Behavior\ParseTemplateBehavior [ RunTime:0.000178s ]
INFO: [ view_parse ] --END-- [ RunTime:0.000265s ]
INFO: [ view_filter ] --START--
INFO: Run Behavior\WriteHtmlCacheBehavior [ RunTime:0.000085s ]
INFO: [ view_filter ] --END-- [ RunTime:0.000159s ]
INFO: [ app_end ] --START--
INFO: Run Behavior\ShowPageTraceBehavior [ RunTime:0.000092s ]
INFO: [ app_end ] --END-- [ RunTime:0.000187s ]

